<?xml version="1.0" encoding="utf-8"?>
<CoverageSession xmlns:xsd="http://www.w3.org/2001/XMLSchema" xmlns:xsi="http://www.w3.org/2001/XMLSchema-instance" Version="0.0.0.0">
  <Summary numSequencePoints="485" visitedSequencePoints="0" numBranchPoints="0" visitedBranchPoints="0" sequenceCoverage="0.0" branchCoverage="0.0" maxCyclomaticComplexity="0" minCyclomaticComplexity="0" maxCrapScore="0" minCrapScore="0" visitedClasses="0" numClasses="30" visitedMethods="0" numMethods="136" />
  <Modules>
    <Module>
      <Summary numSequencePoints="56" visitedSequencePoints="0" numBranchPoints="0" visitedBranchPoints="0" sequenceCoverage="0.0" branchCoverage="0.0" maxCyclomaticComplexity="0" minCyclomaticComplexity="0" maxCrapScore="0" minCrapScore="0" visitedClasses="0" numClasses="4" visitedMethods="0" numMethods="19" />
      <ModuleTime>0001-01-01T00:00:00</ModuleTime>
      <ModuleName>Tests</ModuleName>
      <Files>
        <File uid="1" fullPath="C:/Users/Valeriy/Documents/Projects/Project Card Game/Card Game/Assets/Tests/Slots/CardSlotTests.cs" />
        <File uid="2" fullPath="C:/Users/Valeriy/Documents/Projects/Project Card Game/Card Game/Assets/Tests/Slots/CardTests.cs" />
        <File uid="3" fullPath="C:/Users/Valeriy/Documents/Projects/Project Card Game/Card Game/Assets/Tests/Slots/TestCardData.cs" />
      </Files>
      <Classes>
        <Class>
          <Summary numSequencePoints="38" visitedSequencePoints="0" numBranchPoints="0" visitedBranchPoints="0" sequenceCoverage="0.0" branchCoverage="0.0" maxCyclomaticComplexity="0" minCyclomaticComplexity="0" maxCrapScore="0" minCrapScore="0" visitedClasses="0" numClasses="1" visitedMethods="0" numMethods="7" />
          <FullName>Tests.Slots.CardSlotTests</FullName>
          <Methods>
            <Method visited="false" cyclomaticComplexity="0" nPathComplexity="0" sequenceCoverage="0.0" branchCoverage="0" crapScore="0" isConstructor="false" isStatic="false" isGetter="false" isSetter="false">
              <Summary numSequencePoints="5" visitedSequencePoints="0" numBranchPoints="0" visitedBranchPoints="0" sequenceCoverage="0.0" branchCoverage="0" maxCyclomaticComplexity="0" minCyclomaticComplexity="0" maxCrapScore="0" minCrapScore="0" visitedClasses="0" numClasses="0" visitedMethods="0" numMethods="1" />
              <MetadataToken>100663297</MetadataToken>
              <Name>System.Void Tests.Slots.CardSlotTests::SetCard()</Name>
              <FileRef uid="1" />
              <SequencePoints>
                <SequencePoint vc="0" uspid="971" ordinal="0" offset="0" sl="12" sc="0" el="12" ec="0" bec="0" bev="0" fileid="1" />
                <SequencePoint vc="0" uspid="972" ordinal="0" offset="1" sl="13" sc="0" el="13" ec="0" bec="0" bev="0" fileid="1" />
                <SequencePoint vc="0" uspid="973" ordinal="0" offset="8" sl="14" sc="0" el="14" ec="0" bec="0" bev="0" fileid="1" />
                <SequencePoint vc="0" uspid="974" ordinal="0" offset="22" sl="15" sc="0" el="15" ec="0" bec="0" bev="0" fileid="1" />
                <SequencePoint vc="0" uspid="975" ordinal="0" offset="40" sl="16" sc="0" el="16" ec="0" bec="0" bev="0" fileid="1" />
              </SequencePoints>
              <BranchPoints />
            </Method>
            <Method visited="false" cyclomaticComplexity="0" nPathComplexity="0" sequenceCoverage="0.0" branchCoverage="0" crapScore="0" isConstructor="false" isStatic="false" isGetter="false" isSetter="false">
              <Summary numSequencePoints="6" visitedSequencePoints="0" numBranchPoints="0" visitedBranchPoints="0" sequenceCoverage="0.0" branchCoverage="0" maxCyclomaticComplexity="0" minCyclomaticComplexity="0" maxCrapScore="0" minCrapScore="0" visitedClasses="0" numClasses="0" visitedMethods="0" numMethods="1" />
              <MetadataToken>100663298</MetadataToken>
              <Name>System.Void Tests.Slots.CardSlotTests::ClearCard()</Name>
              <FileRef uid="1" />
              <SequencePoints>
                <SequencePoint vc="0" uspid="976" ordinal="0" offset="0" sl="20" sc="0" el="20" ec="0" bec="0" bev="0" fileid="1" />
                <SequencePoint vc="0" uspid="977" ordinal="0" offset="1" sl="21" sc="0" el="21" ec="0" bec="0" bev="0" fileid="1" />
                <SequencePoint vc="0" uspid="978" ordinal="0" offset="8" sl="22" sc="0" el="22" ec="0" bec="0" bev="0" fileid="1" />
                <SequencePoint vc="0" uspid="979" ordinal="0" offset="22" sl="23" sc="0" el="23" ec="0" bec="0" bev="0" fileid="1" />
                <SequencePoint vc="0" uspid="980" ordinal="0" offset="29" sl="24" sc="0" el="24" ec="0" bec="0" bev="0" fileid="1" />
                <SequencePoint vc="0" uspid="981" ordinal="0" offset="42" sl="25" sc="0" el="25" ec="0" bec="0" bev="0" fileid="1" />
              </SequencePoints>
              <BranchPoints />
            </Method>
            <Method visited="false" cyclomaticComplexity="0" nPathComplexity="0" sequenceCoverage="0.0" branchCoverage="0" crapScore="0" isConstructor="false" isStatic="false" isGetter="false" isSetter="false">
              <Summary numSequencePoints="8" visitedSequencePoints="0" numBranchPoints="0" visitedBranchPoints="0" sequenceCoverage="0.0" branchCoverage="0" maxCyclomaticComplexity="0" minCyclomaticComplexity="0" maxCrapScore="0" minCrapScore="0" visitedClasses="0" numClasses="0" visitedMethods="0" numMethods="1" />
              <MetadataToken>100663299</MetadataToken>
              <Name>System.Void Tests.Slots.CardSlotTests::OnCardChange()</Name>
              <FileRef uid="1" />
              <SequencePoints>
                <SequencePoint vc="0" uspid="982" ordinal="0" offset="6" sl="29" sc="0" el="29" ec="0" bec="0" bev="0" fileid="1" />
                <SequencePoint vc="0" uspid="983" ordinal="0" offset="7" sl="30" sc="0" el="30" ec="0" bec="0" bev="0" fileid="1" />
                <SequencePoint vc="0" uspid="984" ordinal="0" offset="14" sl="31" sc="0" el="31" ec="0" bec="0" bev="0" fileid="1" />
                <SequencePoint vc="0" uspid="985" ordinal="0" offset="21" sl="31" sc="0" el="31" ec="0" bec="0" bev="0" fileid="1" />
                <SequencePoint vc="0" uspid="986" ordinal="0" offset="22" sl="32" sc="0" el="32" ec="0" bec="0" bev="0" fileid="1" />
                <SequencePoint vc="0" uspid="987" ordinal="0" offset="41" sl="33" sc="0" el="33" ec="0" bec="0" bev="0" fileid="1" />
                <SequencePoint vc="0" uspid="988" ordinal="0" offset="55" sl="34" sc="0" el="34" ec="0" bec="0" bev="0" fileid="1" />
                <SequencePoint vc="0" uspid="989" ordinal="0" offset="73" sl="35" sc="0" el="35" ec="0" bec="0" bev="0" fileid="1" />
              </SequencePoints>
              <BranchPoints />
            </Method>
            <Method visited="false" cyclomaticComplexity="0" nPathComplexity="0" sequenceCoverage="0.0" branchCoverage="0" crapScore="0" isConstructor="false" isStatic="false" isGetter="false" isSetter="false">
              <Summary numSequencePoints="5" visitedSequencePoints="0" numBranchPoints="0" visitedBranchPoints="0" sequenceCoverage="0.0" branchCoverage="0" maxCyclomaticComplexity="0" minCyclomaticComplexity="0" maxCrapScore="0" minCrapScore="0" visitedClasses="0" numClasses="0" visitedMethods="0" numMethods="1" />
              <MetadataToken>100663300</MetadataToken>
              <Name>System.Void Tests.Slots.CardSlotTests::SlotShouldBeAlertOnStart()</Name>
              <FileRef uid="1" />
              <SequencePoints>
                <SequencePoint vc="0" uspid="990" ordinal="0" offset="0" sl="39" sc="0" el="39" ec="0" bec="0" bev="0" fileid="1" />
                <SequencePoint vc="0" uspid="991" ordinal="0" offset="1" sl="40" sc="0" el="40" ec="0" bec="0" bev="0" fileid="1" />
                <SequencePoint vc="0" uspid="992" ordinal="0" offset="8" sl="41" sc="0" el="41" ec="0" bec="0" bev="0" fileid="1" />
                <SequencePoint vc="0" uspid="993" ordinal="0" offset="22" sl="42" sc="0" el="42" ec="0" bec="0" bev="0" fileid="1" />
                <SequencePoint vc="0" uspid="994" ordinal="0" offset="34" sl="43" sc="0" el="43" ec="0" bec="0" bev="0" fileid="1" />
              </SequencePoints>
              <BranchPoints />
            </Method>
            <Method visited="false" cyclomaticComplexity="0" nPathComplexity="0" sequenceCoverage="0.0" branchCoverage="0" crapScore="0" isConstructor="false" isStatic="false" isGetter="false" isSetter="false">
              <Summary numSequencePoints="6" visitedSequencePoints="0" numBranchPoints="0" visitedBranchPoints="0" sequenceCoverage="0.0" branchCoverage="0" maxCyclomaticComplexity="0" minCyclomaticComplexity="0" maxCrapScore="0" minCrapScore="0" visitedClasses="0" numClasses="0" visitedMethods="0" numMethods="1" />
              <MetadataToken>100663301</MetadataToken>
              <Name>System.Void Tests.Slots.CardSlotTests::Exhaust()</Name>
              <FileRef uid="1" />
              <SequencePoints>
                <SequencePoint vc="0" uspid="995" ordinal="0" offset="0" sl="47" sc="0" el="47" ec="0" bec="0" bev="0" fileid="1" />
                <SequencePoint vc="0" uspid="996" ordinal="0" offset="1" sl="48" sc="0" el="48" ec="0" bec="0" bev="0" fileid="1" />
                <SequencePoint vc="0" uspid="997" ordinal="0" offset="8" sl="49" sc="0" el="49" ec="0" bec="0" bev="0" fileid="1" />
                <SequencePoint vc="0" uspid="998" ordinal="0" offset="22" sl="50" sc="0" el="50" ec="0" bec="0" bev="0" fileid="1" />
                <SequencePoint vc="0" uspid="999" ordinal="0" offset="29" sl="51" sc="0" el="51" ec="0" bec="0" bev="0" fileid="1" />
                <SequencePoint vc="0" uspid="1000" ordinal="0" offset="41" sl="52" sc="0" el="52" ec="0" bec="0" bev="0" fileid="1" />
              </SequencePoints>
              <BranchPoints />
            </Method>
            <Method visited="false" cyclomaticComplexity="0" nPathComplexity="0" sequenceCoverage="0.0" branchCoverage="0" crapScore="0" isConstructor="false" isStatic="false" isGetter="false" isSetter="false">
              <Summary numSequencePoints="7" visitedSequencePoints="0" numBranchPoints="0" visitedBranchPoints="0" sequenceCoverage="0.0" branchCoverage="0" maxCyclomaticComplexity="0" minCyclomaticComplexity="0" maxCrapScore="0" minCrapScore="0" visitedClasses="0" numClasses="0" visitedMethods="0" numMethods="1" />
              <MetadataToken>100663302</MetadataToken>
              <Name>System.Void Tests.Slots.CardSlotTests::Alert()</Name>
              <FileRef uid="1" />
              <SequencePoints>
                <SequencePoint vc="0" uspid="1001" ordinal="0" offset="0" sl="56" sc="0" el="56" ec="0" bec="0" bev="0" fileid="1" />
                <SequencePoint vc="0" uspid="1002" ordinal="0" offset="1" sl="57" sc="0" el="57" ec="0" bec="0" bev="0" fileid="1" />
                <SequencePoint vc="0" uspid="1003" ordinal="0" offset="8" sl="58" sc="0" el="58" ec="0" bec="0" bev="0" fileid="1" />
                <SequencePoint vc="0" uspid="1004" ordinal="0" offset="22" sl="59" sc="0" el="59" ec="0" bec="0" bev="0" fileid="1" />
                <SequencePoint vc="0" uspid="1005" ordinal="0" offset="29" sl="60" sc="0" el="60" ec="0" bec="0" bev="0" fileid="1" />
                <SequencePoint vc="0" uspid="1006" ordinal="0" offset="36" sl="61" sc="0" el="61" ec="0" bec="0" bev="0" fileid="1" />
                <SequencePoint vc="0" uspid="1007" ordinal="0" offset="48" sl="62" sc="0" el="62" ec="0" bec="0" bev="0" fileid="1" />
              </SequencePoints>
              <BranchPoints />
            </Method>
            <Method visited="false" cyclomaticComplexity="0" nPathComplexity="0" sequenceCoverage="0.0" branchCoverage="0" crapScore="0" isConstructor="true" isStatic="false" isGetter="false" isSetter="false">
              <Summary numSequencePoints="1" visitedSequencePoints="0" numBranchPoints="0" visitedBranchPoints="0" sequenceCoverage="0.0" branchCoverage="0" maxCyclomaticComplexity="0" minCyclomaticComplexity="0" maxCrapScore="0" minCrapScore="0" visitedClasses="0" numClasses="0" visitedMethods="0" numMethods="1" />
              <MetadataToken>100663303</MetadataToken>
              <Name>Tests.Slots.CardSlotTests::CardSlotTests()</Name>
              <FileRef uid="1" />
              <SequencePoints>
                <SequencePoint vc="0" uspid="1008" ordinal="0" offset="0" sl="8" sc="0" el="8" ec="0" bec="0" bev="0" fileid="1" />
              </SequencePoints>
              <BranchPoints />
            </Method>
          </Methods>
        </Class>
        <Class>
          <Summary numSequencePoints="5" visitedSequencePoints="0" numBranchPoints="0" visitedBranchPoints="0" sequenceCoverage="0.0" branchCoverage="0.0" maxCyclomaticComplexity="0" minCyclomaticComplexity="0" maxCrapScore="0" minCrapScore="0" visitedClasses="0" numClasses="1" visitedMethods="0" numMethods="2" />
          <FullName>Tests.Slots.CardTests</FullName>
          <Methods>
            <Method visited="false" cyclomaticComplexity="0" nPathComplexity="0" sequenceCoverage="0.0" branchCoverage="0" crapScore="0" isConstructor="false" isStatic="false" isGetter="false" isSetter="false">
              <Summary numSequencePoints="4" visitedSequencePoints="0" numBranchPoints="0" visitedBranchPoints="0" sequenceCoverage="0.0" branchCoverage="0" maxCyclomaticComplexity="0" minCyclomaticComplexity="0" maxCrapScore="0" minCrapScore="0" visitedClasses="0" numClasses="0" visitedMethods="0" numMethods="1" />
              <MetadataToken>100663304</MetadataToken>
              <Name>System.Void Tests.Slots.CardTests::Constructor()</Name>
              <FileRef uid="2" />
              <SequencePoints>
                <SequencePoint vc="0" uspid="1009" ordinal="0" offset="0" sl="12" sc="9" el="12" ec="9" bec="0" bev="0" fileid="2" />
                <SequencePoint vc="0" uspid="1010" ordinal="0" offset="1" sl="13" sc="13" el="13" ec="13" bec="0" bev="0" fileid="2" />
                <SequencePoint vc="0" uspid="1011" ordinal="0" offset="13" sl="14" sc="13" el="14" ec="13" bec="0" bev="0" fileid="2" />
                <SequencePoint vc="0" uspid="1012" ordinal="0" offset="31" sl="15" sc="9" el="15" ec="9" bec="0" bev="0" fileid="2" />
              </SequencePoints>
              <BranchPoints />
            </Method>
            <Method visited="false" cyclomaticComplexity="0" nPathComplexity="0" sequenceCoverage="0.0" branchCoverage="0" crapScore="0" isConstructor="true" isStatic="false" isGetter="false" isSetter="false">
              <Summary numSequencePoints="1" visitedSequencePoints="0" numBranchPoints="0" visitedBranchPoints="0" sequenceCoverage="0.0" branchCoverage="0" maxCyclomaticComplexity="0" minCyclomaticComplexity="0" maxCrapScore="0" minCrapScore="0" visitedClasses="0" numClasses="0" visitedMethods="0" numMethods="1" />
              <MetadataToken>100663305</MetadataToken>
              <Name>Tests.Slots.CardTests::CardTests()</Name>
              <FileRef uid="2" />
              <SequencePoints>
                <SequencePoint vc="0" uspid="1013" ordinal="0" offset="0" sl="8" sc="9" el="8" ec="9" bec="0" bev="0" fileid="2" />
              </SequencePoints>
              <BranchPoints />
            </Method>
          </Methods>
        </Class>
        <Class>
          <Summary numSequencePoints="12" visitedSequencePoints="0" numBranchPoints="0" visitedBranchPoints="0" sequenceCoverage="0.0" branchCoverage="0.0" maxCyclomaticComplexity="0" minCyclomaticComplexity="0" maxCrapScore="0" minCrapScore="0" visitedClasses="0" numClasses="1" visitedMethods="0" numMethods="9" />
          <FullName>Tests.Slots.TestCardData</FullName>
          <Methods>
            <Method visited="false" cyclomaticComplexity="0" nPathComplexity="0" sequenceCoverage="0.0" branchCoverage="0" crapScore="0" isConstructor="false" isStatic="false" isGetter="true" isSetter="false">
              <Summary numSequencePoints="1" visitedSequencePoints="0" numBranchPoints="0" visitedBranchPoints="0" sequenceCoverage="0.0" branchCoverage="0" maxCyclomaticComplexity="0" minCyclomaticComplexity="0" maxCrapScore="0" minCrapScore="0" visitedClasses="0" numClasses="0" visitedMethods="0" numMethods="1" />
              <MetadataToken>100663306</MetadataToken>
              <Name>System.String Tests.Slots.TestCardData::get_Name()</Name>
              <FileRef uid="3" />
              <SequencePoints>
                <SequencePoint vc="0" uspid="1014" ordinal="0" offset="0" sl="7" sc="0" el="7" ec="0" bec="0" bev="0" fileid="3" />
              </SequencePoints>
              <BranchPoints />
            </Method>
            <Method visited="false" cyclomaticComplexity="0" nPathComplexity="0" sequenceCoverage="0.0" branchCoverage="0" crapScore="0" isConstructor="false" isStatic="false" isGetter="false" isSetter="true">
              <Summary numSequencePoints="1" visitedSequencePoints="0" numBranchPoints="0" visitedBranchPoints="0" sequenceCoverage="0.0" branchCoverage="0" maxCyclomaticComplexity="0" minCyclomaticComplexity="0" maxCrapScore="0" minCrapScore="0" visitedClasses="0" numClasses="0" visitedMethods="0" numMethods="1" />
              <MetadataToken>100663307</MetadataToken>
              <Name>System.Void Tests.Slots.TestCardData::set_Name(System.String)</Name>
              <FileRef uid="3" />
              <SequencePoints>
                <SequencePoint vc="0" uspid="1015" ordinal="0" offset="0" sl="7" sc="0" el="7" ec="0" bec="0" bev="0" fileid="3" />
              </SequencePoints>
              <BranchPoints />
            </Method>
            <Method visited="false" cyclomaticComplexity="0" nPathComplexity="0" sequenceCoverage="0.0" branchCoverage="0" crapScore="0" isConstructor="false" isStatic="false" isGetter="true" isSetter="false">
              <Summary numSequencePoints="1" visitedSequencePoints="0" numBranchPoints="0" visitedBranchPoints="0" sequenceCoverage="0.0" branchCoverage="0" maxCyclomaticComplexity="0" minCyclomaticComplexity="0" maxCrapScore="0" minCrapScore="0" visitedClasses="0" numClasses="0" visitedMethods="0" numMethods="1" />
              <MetadataToken>100663308</MetadataToken>
              <Name>System.Int32 Tests.Slots.TestCardData::get_Tier()</Name>
              <FileRef uid="3" />
              <SequencePoints>
                <SequencePoint vc="0" uspid="1016" ordinal="0" offset="0" sl="8" sc="0" el="8" ec="0" bec="0" bev="0" fileid="3" />
              </SequencePoints>
              <BranchPoints />
            </Method>
            <Method visited="false" cyclomaticComplexity="0" nPathComplexity="0" sequenceCoverage="0.0" branchCoverage="0" crapScore="0" isConstructor="false" isStatic="false" isGetter="false" isSetter="true">
              <Summary numSequencePoints="1" visitedSequencePoints="0" numBranchPoints="0" visitedBranchPoints="0" sequenceCoverage="0.0" branchCoverage="0" maxCyclomaticComplexity="0" minCyclomaticComplexity="0" maxCrapScore="0" minCrapScore="0" visitedClasses="0" numClasses="0" visitedMethods="0" numMethods="1" />
              <MetadataToken>100663309</MetadataToken>
              <Name>System.Void Tests.Slots.TestCardData::set_Tier(System.Int32)</Name>
              <FileRef uid="3" />
              <SequencePoints>
                <SequencePoint vc="0" uspid="1017" ordinal="0" offset="0" sl="8" sc="0" el="8" ec="0" bec="0" bev="0" fileid="3" />
              </SequencePoints>
              <BranchPoints />
            </Method>
            <Method visited="false" cyclomaticComplexity="0" nPathComplexity="0" sequenceCoverage="0.0" branchCoverage="0" crapScore="0" isConstructor="false" isStatic="false" isGetter="true" isSetter="false">
              <Summary numSequencePoints="1" visitedSequencePoints="0" numBranchPoints="0" visitedBranchPoints="0" sequenceCoverage="0.0" branchCoverage="0" maxCyclomaticComplexity="0" minCyclomaticComplexity="0" maxCrapScore="0" minCrapScore="0" visitedClasses="0" numClasses="0" visitedMethods="0" numMethods="1" />
              <MetadataToken>100663310</MetadataToken>
              <Name>System.Int32 Tests.Slots.TestCardData::get_Attack()</Name>
              <FileRef uid="3" />
              <SequencePoints>
                <SequencePoint vc="0" uspid="1018" ordinal="0" offset="0" sl="9" sc="0" el="9" ec="0" bec="0" bev="0" fileid="3" />
              </SequencePoints>
              <BranchPoints />
            </Method>
            <Method visited="false" cyclomaticComplexity="0" nPathComplexity="0" sequenceCoverage="0.0" branchCoverage="0" crapScore="0" isConstructor="false" isStatic="false" isGetter="false" isSetter="true">
              <Summary numSequencePoints="1" visitedSequencePoints="0" numBranchPoints="0" visitedBranchPoints="0" sequenceCoverage="0.0" branchCoverage="0" maxCyclomaticComplexity="0" minCyclomaticComplexity="0" maxCrapScore="0" minCrapScore="0" visitedClasses="0" numClasses="0" visitedMethods="0" numMethods="1" />
              <MetadataToken>100663311</MetadataToken>
              <Name>System.Void Tests.Slots.TestCardData::set_Attack(System.Int32)</Name>
              <FileRef uid="3" />
              <SequencePoints>
                <SequencePoint vc="0" uspid="1019" ordinal="0" offset="0" sl="9" sc="0" el="9" ec="0" bec="0" bev="0" fileid="3" />
              </SequencePoints>
              <BranchPoints />
            </Method>
            <Method visited="false" cyclomaticComplexity="0" nPathComplexity="0" sequenceCoverage="0.0" branchCoverage="0" crapScore="0" isConstructor="false" isStatic="false" isGetter="true" isSetter="false">
              <Summary numSequencePoints="1" visitedSequencePoints="0" numBranchPoints="0" visitedBranchPoints="0" sequenceCoverage="0.0" branchCoverage="0" maxCyclomaticComplexity="0" minCyclomaticComplexity="0" maxCrapScore="0" minCrapScore="0" visitedClasses="0" numClasses="0" visitedMethods="0" numMethods="1" />
              <MetadataToken>100663312</MetadataToken>
              <Name>System.Int32 Tests.Slots.TestCardData::get_Defense()</Name>
              <FileRef uid="3" />
              <SequencePoints>
                <SequencePoint vc="0" uspid="1020" ordinal="0" offset="0" sl="10" sc="0" el="10" ec="0" bec="0" bev="0" fileid="3" />
              </SequencePoints>
              <BranchPoints />
            </Method>
            <Method visited="false" cyclomaticComplexity="0" nPathComplexity="0" sequenceCoverage="0.0" branchCoverage="0" crapScore="0" isConstructor="false" isStatic="false" isGetter="false" isSetter="true">
              <Summary numSequencePoints="1" visitedSequencePoints="0" numBranchPoints="0" visitedBranchPoints="0" sequenceCoverage="0.0" branchCoverage="0" maxCyclomaticComplexity="0" minCyclomaticComplexity="0" maxCrapScore="0" minCrapScore="0" visitedClasses="0" numClasses="0" visitedMethods="0" numMethods="1" />
              <MetadataToken>100663313</MetadataToken>
              <Name>System.Void Tests.Slots.TestCardData::set_Defense(System.Int32)</Name>
              <FileRef uid="3" />
              <SequencePoints>
                <SequencePoint vc="0" uspid="1021" ordinal="0" offset="0" sl="10" sc="0" el="10" ec="0" bec="0" bev="0" fileid="3" />
              </SequencePoints>
              <BranchPoints />
            </Method>
            <Method visited="false" cyclomaticComplexity="0" nPathComplexity="0" sequenceCoverage="0.0" branchCoverage="0" crapScore="0" isConstructor="true" isStatic="false" isGetter="false" isSetter="false">
              <Summary numSequencePoints="4" visitedSequencePoints="0" numBranchPoints="0" visitedBranchPoints="0" sequenceCoverage="0.0" branchCoverage="0" maxCyclomaticComplexity="0" minCyclomaticComplexity="0" maxCrapScore="0" minCrapScore="0" visitedClasses="0" numClasses="0" visitedMethods="0" numMethods="1" />
              <MetadataToken>100663314</MetadataToken>
              <Name>Tests.Slots.TestCardData::TestCardData()</Name>
              <FileRef uid="3" />
              <SequencePoints>
                <SequencePoint vc="0" uspid="1022" ordinal="0" offset="0" sl="7" sc="44" el="7" ec="44" bec="0" bev="0" fileid="3" />
                <SequencePoint vc="0" uspid="1023" ordinal="0" offset="11" sl="8" sc="41" el="8" ec="41" bec="0" bev="0" fileid="3" />
                <SequencePoint vc="0" uspid="1024" ordinal="0" offset="18" sl="9" sc="43" el="9" ec="43" bec="0" bev="0" fileid="3" />
                <SequencePoint vc="0" uspid="1025" ordinal="0" offset="25" sl="10" sc="44" el="10" ec="44" bec="0" bev="0" fileid="3" />
              </SequencePoints>
              <BranchPoints />
            </Method>
          </Methods>
        </Class>
        <Class>
          <Summary numSequencePoints="1" visitedSequencePoints="0" numBranchPoints="0" visitedBranchPoints="0" sequenceCoverage="0.0" branchCoverage="0.0" maxCyclomaticComplexity="0" minCyclomaticComplexity="0" maxCrapScore="0" minCrapScore="0" visitedClasses="0" numClasses="1" visitedMethods="0" numMethods="1" />
          <FullName>Tests.Slots.CardSlotTests/&lt;&gt;c__DisplayClass3_0</FullName>
          <Methods>
            <Method visited="false" cyclomaticComplexity="0" nPathComplexity="0" sequenceCoverage="0.0" branchCoverage="0" crapScore="0" isConstructor="false" isStatic="false" isGetter="false" isSetter="false">
              <Summary numSequencePoints="1" visitedSequencePoints="0" numBranchPoints="0" visitedBranchPoints="0" sequenceCoverage="0.0" branchCoverage="0" maxCyclomaticComplexity="0" minCyclomaticComplexity="0" maxCrapScore="0" minCrapScore="0" visitedClasses="0" numClasses="0" visitedMethods="0" numMethods="1" />
              <MetadataToken>100663316</MetadataToken>
              <Name>System.Void Tests.Slots.CardSlotTests/&lt;&gt;c__DisplayClass3_0::&lt;OnCardChange&gt;b__0(CardGame.ICard)</Name>
              <FileRef uid="1" />
              <SequencePoints>
                <SequencePoint vc="0" uspid="1026" ordinal="0" offset="0" sl="32" sc="0" el="32" ec="0" bec="0" bev="0" fileid="1" />
              </SequencePoints>
              <BranchPoints />
            </Method>
          </Methods>
        </Class>
      </Classes>
    </Module>
    <Module>
      <Summary numSequencePoints="429" visitedSequencePoints="0" numBranchPoints="0" visitedBranchPoints="0" sequenceCoverage="0.0" branchCoverage="0.0" maxCyclomaticComplexity="0" minCyclomaticComplexity="0" maxCrapScore="0" minCrapScore="0" visitedClasses="0" numClasses="26" visitedMethods="0" numMethods="117" />
      <ModuleTime>0001-01-01T00:00:00</ModuleTime>
      <ModuleName>Core</ModuleName>
      <Files>
        <File uid="4" fullPath="C:/Users/Valeriy/Documents/Projects/Project Card Game/Card Game/Assets/Scripts/Actions/Alert.cs" />
        <File uid="5" fullPath="C:/Users/Valeriy/Documents/Projects/Project Card Game/Card Game/Assets/Scripts/Actions/DamageFromPile.cs" />
        <File uid="6" fullPath="C:/Users/Valeriy/Documents/Projects/Project Card Game/Card Game/Assets/Scripts/Actions/DrawFromPile.cs" />
        <File uid="7" fullPath="C:/Users/Valeriy/Documents/Projects/Project Card Game/Card Game/Assets/Scripts/Actions/PlayerActions/AdvancePhase.cs" />
        <File uid="8" fullPath="C:/Users/Valeriy/Documents/Projects/Project Card Game/Card Game/Assets/Scripts/Actions/PlayerActions/AscendFromHand.cs" />
        <File uid="9" fullPath="C:/Users/Valeriy/Documents/Projects/Project Card Game/Card Game/Assets/Scripts/Actions/PlayerActions/DeclareAttack.cs" />
        <File uid="10" fullPath="C:/Users/Valeriy/Documents/Projects/Project Card Game/Card Game/Assets/Scripts/Actions/PlayerActions/DefendFromHand.cs" />
        <File uid="11" fullPath="C:/Users/Valeriy/Documents/Projects/Project Card Game/Card Game/Assets/Scripts/Actions/SetPhase.cs" />
        <File uid="12" fullPath="C:/Users/Valeriy/Documents/Projects/Project Card Game/Card Game/Assets/Scripts/Battle/Battle.cs" />
        <File uid="13" fullPath="C:/Users/Valeriy/Documents/Projects/Project Card Game/Card Game/Assets/Scripts/Battle/BattlePhase.cs" />
        <File uid="14" fullPath="C:/Users/Valeriy/Documents/Projects/Project Card Game/Card Game/Assets/Scripts/Battle/Card.cs" />
        <File uid="15" fullPath="C:/Users/Valeriy/Documents/Projects/Project Card Game/Card Game/Assets/Scripts/Battle/CardData.cs" />
        <File uid="16" fullPath="C:/Users/Valeriy/Documents/Projects/Project Card Game/Card Game/Assets/Scripts/Battle/CombatManager.cs" />
        <File uid="17" fullPath="C:/Users/Valeriy/Documents/Projects/Project Card Game/Card Game/Assets/Scripts/Battle/Player.cs" />
        <File uid="18" fullPath="C:/Users/Valeriy/Documents/Projects/Project Card Game/Card Game/Assets/Scripts/BattleManager.cs" />
        <File uid="19" fullPath="C:/Users/Valeriy/Documents/Projects/Project Card Game/Card Game/Assets/Scripts/Client/BattleOverlayManager.cs" />
        <File uid="20" fullPath="C:/Users/Valeriy/Documents/Projects/Project Card Game/Card Game/Assets/Scripts/Client/Display/CardDisplay.cs" />
        <File uid="21" fullPath="C:/Users/Valeriy/Documents/Projects/Project Card Game/Card Game/Assets/Scripts/Client/Display/MultiCardSlotDisplay.cs" />
        <File uid="22" fullPath="C:/Users/Valeriy/Documents/Projects/Project Card Game/Card Game/Assets/Scripts/Client/Display/PlayerDisplay.cs" />
        <File uid="23" fullPath="C:/Users/Valeriy/Documents/Projects/Project Card Game/Card Game/Assets/Scripts/Client/Display/SingleCardSlotDisplay.cs" />
        <File uid="24" fullPath="C:/Users/Valeriy/Documents/Projects/Project Card Game/Card Game/Assets/Scripts/Client/DisplayManager.cs" />
        <File uid="25" fullPath="C:/Users/Valeriy/Documents/Projects/Project Card Game/Card Game/Assets/Scripts/Client/InputManager.cs" />
        <File uid="26" fullPath="C:/Users/Valeriy/Documents/Projects/Project Card Game/Card Game/Assets/Scripts/Slots/CardSlot.cs" />
        <File uid="27" fullPath="C:/Users/Valeriy/Documents/Projects/Project Card Game/Card Game/Assets/Scripts/Slots/MultiCardSlot.cs" />
      </Files>
      <Classes>
        <Class>
          <Summary numSequencePoints="10" visitedSequencePoints="0" numBranchPoints="0" visitedBranchPoints="0" sequenceCoverage="0.0" branchCoverage="0.0" maxCyclomaticComplexity="0" minCyclomaticComplexity="0" maxCrapScore="0" minCrapScore="0" visitedClasses="0" numClasses="1" visitedMethods="0" numMethods="3" />
          <FullName>CardGame.Alert</FullName>
          <Methods>
            <Method visited="false" cyclomaticComplexity="0" nPathComplexity="0" sequenceCoverage="0.0" branchCoverage="0" crapScore="0" isConstructor="false" isStatic="false" isGetter="false" isSetter="false">
              <Summary numSequencePoints="3" visitedSequencePoints="0" numBranchPoints="0" visitedBranchPoints="0" sequenceCoverage="0.0" branchCoverage="0" maxCyclomaticComplexity="0" minCyclomaticComplexity="0" maxCrapScore="0" minCrapScore="0" visitedClasses="0" numClasses="0" visitedMethods="0" numMethods="1" />
              <MetadataToken>100663298</MetadataToken>
              <Name>System.Boolean CardGame.Alert::CanExecute(CardGame.Battle, CardGame.Player)</Name>
              <FileRef uid="4" />
              <SequencePoints>
                <SequencePoint vc="0" uspid="1027" ordinal="0" offset="0" sl="13" sc="0" el="13" ec="0" bec="0" bev="0" fileid="4" />
                <SequencePoint vc="0" uspid="1028" ordinal="0" offset="1" sl="14" sc="0" el="14" ec="0" bec="0" bev="0" fileid="4" />
                <SequencePoint vc="0" uspid="1029" ordinal="0" offset="5" sl="15" sc="0" el="15" ec="0" bec="0" bev="0" fileid="4" />
              </SequencePoints>
              <BranchPoints />
            </Method>
            <Method visited="false" cyclomaticComplexity="0" nPathComplexity="0" sequenceCoverage="0.0" branchCoverage="0" crapScore="0" isConstructor="false" isStatic="false" isGetter="false" isSetter="false">
              <Summary numSequencePoints="3" visitedSequencePoints="0" numBranchPoints="0" visitedBranchPoints="0" sequenceCoverage="0.0" branchCoverage="0" maxCyclomaticComplexity="0" minCyclomaticComplexity="0" maxCrapScore="0" minCrapScore="0" visitedClasses="0" numClasses="0" visitedMethods="0" numMethods="1" />
              <MetadataToken>100663299</MetadataToken>
              <Name>System.Void CardGame.Alert::Execute(CardGame.Battle, CardGame.Player)</Name>
              <FileRef uid="4" />
              <SequencePoints>
                <SequencePoint vc="0" uspid="1030" ordinal="0" offset="0" sl="18" sc="0" el="18" ec="0" bec="0" bev="0" fileid="4" />
                <SequencePoint vc="0" uspid="1031" ordinal="0" offset="1" sl="19" sc="0" el="19" ec="0" bec="0" bev="0" fileid="4" />
                <SequencePoint vc="0" uspid="1032" ordinal="0" offset="13" sl="20" sc="0" el="20" ec="0" bec="0" bev="0" fileid="4" />
              </SequencePoints>
              <BranchPoints />
            </Method>
            <Method visited="false" cyclomaticComplexity="0" nPathComplexity="0" sequenceCoverage="0.0" branchCoverage="0" crapScore="0" isConstructor="true" isStatic="false" isGetter="false" isSetter="false">
              <Summary numSequencePoints="4" visitedSequencePoints="0" numBranchPoints="0" visitedBranchPoints="0" sequenceCoverage="0.0" branchCoverage="0" maxCyclomaticComplexity="0" minCyclomaticComplexity="0" maxCrapScore="0" minCrapScore="0" visitedClasses="0" numClasses="0" visitedMethods="0" numMethods="1" />
              <MetadataToken>100663297</MetadataToken>
              <Name>CardGame.Alert::Alert(CardGame.CardSlot)</Name>
              <FileRef uid="4" />
              <SequencePoints>
                <SequencePoint vc="0" uspid="1033" ordinal="0" offset="0" sl="7" sc="0" el="7" ec="0" bec="0" bev="0" fileid="4" />
                <SequencePoint vc="0" uspid="1034" ordinal="0" offset="7" sl="8" sc="0" el="8" ec="0" bec="0" bev="0" fileid="4" />
                <SequencePoint vc="0" uspid="1035" ordinal="0" offset="8" sl="9" sc="0" el="9" ec="0" bec="0" bev="0" fileid="4" />
                <SequencePoint vc="0" uspid="1036" ordinal="0" offset="15" sl="10" sc="0" el="10" ec="0" bec="0" bev="0" fileid="4" />
              </SequencePoints>
              <BranchPoints />
            </Method>
          </Methods>
        </Class>
        <Class>
          <Summary numSequencePoints="6" visitedSequencePoints="0" numBranchPoints="0" visitedBranchPoints="0" sequenceCoverage="0.0" branchCoverage="0.0" maxCyclomaticComplexity="0" minCyclomaticComplexity="0" maxCrapScore="0" minCrapScore="0" visitedClasses="0" numClasses="1" visitedMethods="0" numMethods="2" />
          <FullName>CardGame.DamageFromPile</FullName>
          <Methods>
            <Method visited="false" cyclomaticComplexity="0" nPathComplexity="0" sequenceCoverage="0.0" branchCoverage="0" crapScore="0" isConstructor="false" isStatic="false" isGetter="false" isSetter="false">
              <Summary numSequencePoints="3" visitedSequencePoints="0" numBranchPoints="0" visitedBranchPoints="0" sequenceCoverage="0.0" branchCoverage="0" maxCyclomaticComplexity="0" minCyclomaticComplexity="0" maxCrapScore="0" minCrapScore="0" visitedClasses="0" numClasses="0" visitedMethods="0" numMethods="1" />
              <MetadataToken>100663300</MetadataToken>
              <Name>System.Boolean CardGame.DamageFromPile::CanExecute(CardGame.Battle, CardGame.Player)</Name>
              <FileRef uid="5" />
              <SequencePoints>
                <SequencePoint vc="0" uspid="1037" ordinal="0" offset="0" sl="6" sc="0" el="6" ec="0" bec="0" bev="0" fileid="5" />
                <SequencePoint vc="0" uspid="1038" ordinal="0" offset="1" sl="7" sc="0" el="7" ec="0" bec="0" bev="0" fileid="5" />
                <SequencePoint vc="0" uspid="1039" ordinal="0" offset="23" sl="8" sc="0" el="8" ec="0" bec="0" bev="0" fileid="5" />
              </SequencePoints>
              <BranchPoints />
            </Method>
            <Method visited="false" cyclomaticComplexity="0" nPathComplexity="0" sequenceCoverage="0.0" branchCoverage="0" crapScore="0" isConstructor="false" isStatic="false" isGetter="false" isSetter="false">
              <Summary numSequencePoints="3" visitedSequencePoints="0" numBranchPoints="0" visitedBranchPoints="0" sequenceCoverage="0.0" branchCoverage="0" maxCyclomaticComplexity="0" minCyclomaticComplexity="0" maxCrapScore="0" minCrapScore="0" visitedClasses="0" numClasses="0" visitedMethods="0" numMethods="1" />
              <MetadataToken>100663301</MetadataToken>
              <Name>System.Void CardGame.DamageFromPile::Execute(CardGame.Battle, CardGame.Player)</Name>
              <FileRef uid="5" />
              <SequencePoints>
                <SequencePoint vc="0" uspid="1040" ordinal="0" offset="0" sl="11" sc="0" el="11" ec="0" bec="0" bev="0" fileid="5" />
                <SequencePoint vc="0" uspid="1041" ordinal="0" offset="1" sl="12" sc="0" el="12" ec="0" bec="0" bev="0" fileid="5" />
                <SequencePoint vc="0" uspid="1042" ordinal="0" offset="24" sl="13" sc="0" el="13" ec="0" bec="0" bev="0" fileid="5" />
              </SequencePoints>
              <BranchPoints />
            </Method>
          </Methods>
        </Class>
        <Class>
          <Summary numSequencePoints="6" visitedSequencePoints="0" numBranchPoints="0" visitedBranchPoints="0" sequenceCoverage="0.0" branchCoverage="0.0" maxCyclomaticComplexity="0" minCyclomaticComplexity="0" maxCrapScore="0" minCrapScore="0" visitedClasses="0" numClasses="1" visitedMethods="0" numMethods="2" />
          <FullName>CardGame.DrawFromPile</FullName>
          <Methods>
            <Method visited="false" cyclomaticComplexity="0" nPathComplexity="0" sequenceCoverage="0.0" branchCoverage="0" crapScore="0" isConstructor="false" isStatic="false" isGetter="false" isSetter="false">
              <Summary numSequencePoints="3" visitedSequencePoints="0" numBranchPoints="0" visitedBranchPoints="0" sequenceCoverage="0.0" branchCoverage="0" maxCyclomaticComplexity="0" minCyclomaticComplexity="0" maxCrapScore="0" minCrapScore="0" visitedClasses="0" numClasses="0" visitedMethods="0" numMethods="1" />
              <MetadataToken>100663303</MetadataToken>
              <Name>System.Boolean CardGame.DrawFromPile::CanExecute(CardGame.Battle, CardGame.Player)</Name>
              <FileRef uid="6" />
              <SequencePoints>
                <SequencePoint vc="0" uspid="1043" ordinal="0" offset="0" sl="6" sc="0" el="6" ec="0" bec="0" bev="0" fileid="6" />
                <SequencePoint vc="0" uspid="1044" ordinal="0" offset="1" sl="7" sc="0" el="7" ec="0" bec="0" bev="0" fileid="6" />
                <SequencePoint vc="0" uspid="1045" ordinal="0" offset="23" sl="8" sc="0" el="8" ec="0" bec="0" bev="0" fileid="6" />
              </SequencePoints>
              <BranchPoints />
            </Method>
            <Method visited="false" cyclomaticComplexity="0" nPathComplexity="0" sequenceCoverage="0.0" branchCoverage="0" crapScore="0" isConstructor="false" isStatic="false" isGetter="false" isSetter="false">
              <Summary numSequencePoints="3" visitedSequencePoints="0" numBranchPoints="0" visitedBranchPoints="0" sequenceCoverage="0.0" branchCoverage="0" maxCyclomaticComplexity="0" minCyclomaticComplexity="0" maxCrapScore="0" minCrapScore="0" visitedClasses="0" numClasses="0" visitedMethods="0" numMethods="1" />
              <MetadataToken>100663304</MetadataToken>
              <Name>System.Void CardGame.DrawFromPile::Execute(CardGame.Battle, CardGame.Player)</Name>
              <FileRef uid="6" />
              <SequencePoints>
                <SequencePoint vc="0" uspid="1046" ordinal="0" offset="0" sl="11" sc="0" el="11" ec="0" bec="0" bev="0" fileid="6" />
                <SequencePoint vc="0" uspid="1047" ordinal="0" offset="1" sl="12" sc="0" el="12" ec="0" bec="0" bev="0" fileid="6" />
                <SequencePoint vc="0" uspid="1048" ordinal="0" offset="24" sl="13" sc="0" el="13" ec="0" bec="0" bev="0" fileid="6" />
              </SequencePoints>
              <BranchPoints />
            </Method>
          </Methods>
        </Class>
        <Class>
          <Summary numSequencePoints="6" visitedSequencePoints="0" numBranchPoints="0" visitedBranchPoints="0" sequenceCoverage="0.0" branchCoverage="0.0" maxCyclomaticComplexity="0" minCyclomaticComplexity="0" maxCrapScore="0" minCrapScore="0" visitedClasses="0" numClasses="1" visitedMethods="0" numMethods="2" />
          <FullName>CardGame.AdvancePhase</FullName>
          <Methods>
            <Method visited="false" cyclomaticComplexity="0" nPathComplexity="0" sequenceCoverage="0.0" branchCoverage="0" crapScore="0" isConstructor="false" isStatic="false" isGetter="false" isSetter="false">
              <Summary numSequencePoints="3" visitedSequencePoints="0" numBranchPoints="0" visitedBranchPoints="0" sequenceCoverage="0.0" branchCoverage="0" maxCyclomaticComplexity="0" minCyclomaticComplexity="0" maxCrapScore="0" minCrapScore="0" visitedClasses="0" numClasses="0" visitedMethods="0" numMethods="1" />
              <MetadataToken>100663308</MetadataToken>
              <Name>System.Boolean CardGame.AdvancePhase::CanExecute(CardGame.Battle, CardGame.Player)</Name>
              <FileRef uid="7" />
              <SequencePoints>
                <SequencePoint vc="0" uspid="1049" ordinal="0" offset="0" sl="6" sc="0" el="6" ec="0" bec="0" bev="0" fileid="7" />
                <SequencePoint vc="0" uspid="1050" ordinal="0" offset="1" sl="7" sc="0" el="7" ec="0" bec="0" bev="0" fileid="7" />
                <SequencePoint vc="0" uspid="1051" ordinal="0" offset="13" sl="8" sc="0" el="8" ec="0" bec="0" bev="0" fileid="7" />
              </SequencePoints>
              <BranchPoints />
            </Method>
            <Method visited="false" cyclomaticComplexity="0" nPathComplexity="0" sequenceCoverage="0.0" branchCoverage="0" crapScore="0" isConstructor="false" isStatic="false" isGetter="false" isSetter="false">
              <Summary numSequencePoints="3" visitedSequencePoints="0" numBranchPoints="0" visitedBranchPoints="0" sequenceCoverage="0.0" branchCoverage="0" maxCyclomaticComplexity="0" minCyclomaticComplexity="0" maxCrapScore="0" minCrapScore="0" visitedClasses="0" numClasses="0" visitedMethods="0" numMethods="1" />
              <MetadataToken>100663309</MetadataToken>
              <Name>System.Void CardGame.AdvancePhase::Execute(CardGame.Battle, CardGame.Player)</Name>
              <FileRef uid="7" />
              <SequencePoints>
                <SequencePoint vc="0" uspid="1052" ordinal="0" offset="0" sl="11" sc="0" el="11" ec="0" bec="0" bev="0" fileid="7" />
                <SequencePoint vc="0" uspid="1053" ordinal="0" offset="1" sl="12" sc="0" el="12" ec="0" bec="0" bev="0" fileid="7" />
                <SequencePoint vc="0" uspid="1054" ordinal="0" offset="13" sl="13" sc="0" el="13" ec="0" bec="0" bev="0" fileid="7" />
              </SequencePoints>
              <BranchPoints />
            </Method>
          </Methods>
        </Class>
        <Class>
          <Summary numSequencePoints="12" visitedSequencePoints="0" numBranchPoints="0" visitedBranchPoints="0" sequenceCoverage="0.0" branchCoverage="0.0" maxCyclomaticComplexity="0" minCyclomaticComplexity="0" maxCrapScore="0" minCrapScore="0" visitedClasses="0" numClasses="1" visitedMethods="0" numMethods="3" />
          <FullName>CardGame.AscendFromHand</FullName>
          <Methods>
            <Method visited="false" cyclomaticComplexity="0" nPathComplexity="0" sequenceCoverage="0.0" branchCoverage="0" crapScore="0" isConstructor="false" isStatic="false" isGetter="false" isSetter="false">
              <Summary numSequencePoints="3" visitedSequencePoints="0" numBranchPoints="0" visitedBranchPoints="0" sequenceCoverage="0.0" branchCoverage="0" maxCyclomaticComplexity="0" minCyclomaticComplexity="0" maxCrapScore="0" minCrapScore="0" visitedClasses="0" numClasses="0" visitedMethods="0" numMethods="1" />
              <MetadataToken>100663312</MetadataToken>
              <Name>System.Boolean CardGame.AscendFromHand::CanExecute(CardGame.Battle, CardGame.Player)</Name>
              <FileRef uid="8" />
              <SequencePoints>
                <SequencePoint vc="0" uspid="1055" ordinal="0" offset="0" sl="13" sc="0" el="13" ec="0" bec="0" bev="0" fileid="8" />
                <SequencePoint vc="0" uspid="1056" ordinal="0" offset="1" sl="14" sc="0" el="14" ec="0" bec="0" bev="0" fileid="8" />
                <SequencePoint vc="0" uspid="1057" ordinal="0" offset="104" sl="18" sc="0" el="18" ec="0" bec="0" bev="0" fileid="8" />
              </SequencePoints>
              <BranchPoints />
            </Method>
            <Method visited="false" cyclomaticComplexity="0" nPathComplexity="0" sequenceCoverage="0.0" branchCoverage="0" crapScore="0" isConstructor="false" isStatic="false" isGetter="false" isSetter="false">
              <Summary numSequencePoints="5" visitedSequencePoints="0" numBranchPoints="0" visitedBranchPoints="0" sequenceCoverage="0.0" branchCoverage="0" maxCyclomaticComplexity="0" minCyclomaticComplexity="0" maxCrapScore="0" minCrapScore="0" visitedClasses="0" numClasses="0" visitedMethods="0" numMethods="1" />
              <MetadataToken>100663313</MetadataToken>
              <Name>System.Void CardGame.AscendFromHand::Execute(CardGame.Battle, CardGame.Player)</Name>
              <FileRef uid="8" />
              <SequencePoints>
                <SequencePoint vc="0" uspid="1058" ordinal="0" offset="0" sl="21" sc="0" el="21" ec="0" bec="0" bev="0" fileid="8" />
                <SequencePoint vc="0" uspid="1059" ordinal="0" offset="1" sl="22" sc="0" el="22" ec="0" bec="0" bev="0" fileid="8" />
                <SequencePoint vc="0" uspid="1060" ordinal="0" offset="20" sl="23" sc="0" el="23" ec="0" bec="0" bev="0" fileid="8" />
                <SequencePoint vc="0" uspid="1061" ordinal="0" offset="38" sl="24" sc="0" el="24" ec="0" bec="0" bev="0" fileid="8" />
                <SequencePoint vc="0" uspid="1062" ordinal="0" offset="50" sl="25" sc="0" el="25" ec="0" bec="0" bev="0" fileid="8" />
              </SequencePoints>
              <BranchPoints />
            </Method>
            <Method visited="false" cyclomaticComplexity="0" nPathComplexity="0" sequenceCoverage="0.0" branchCoverage="0" crapScore="0" isConstructor="true" isStatic="false" isGetter="false" isSetter="false">
              <Summary numSequencePoints="4" visitedSequencePoints="0" numBranchPoints="0" visitedBranchPoints="0" sequenceCoverage="0.0" branchCoverage="0" maxCyclomaticComplexity="0" minCyclomaticComplexity="0" maxCrapScore="0" minCrapScore="0" visitedClasses="0" numClasses="0" visitedMethods="0" numMethods="1" />
              <MetadataToken>100663311</MetadataToken>
              <Name>CardGame.AscendFromHand::AscendFromHand(CardGame.ICard)</Name>
              <FileRef uid="8" />
              <SequencePoints>
                <SequencePoint vc="0" uspid="1063" ordinal="0" offset="0" sl="7" sc="0" el="7" ec="0" bec="0" bev="0" fileid="8" />
                <SequencePoint vc="0" uspid="1064" ordinal="0" offset="7" sl="8" sc="0" el="8" ec="0" bec="0" bev="0" fileid="8" />
                <SequencePoint vc="0" uspid="1065" ordinal="0" offset="8" sl="9" sc="0" el="9" ec="0" bec="0" bev="0" fileid="8" />
                <SequencePoint vc="0" uspid="1066" ordinal="0" offset="15" sl="10" sc="0" el="10" ec="0" bec="0" bev="0" fileid="8" />
              </SequencePoints>
              <BranchPoints />
            </Method>
          </Methods>
        </Class>
        <Class>
          <Summary numSequencePoints="10" visitedSequencePoints="0" numBranchPoints="0" visitedBranchPoints="0" sequenceCoverage="0.0" branchCoverage="0.0" maxCyclomaticComplexity="0" minCyclomaticComplexity="0" maxCrapScore="0" minCrapScore="0" visitedClasses="0" numClasses="1" visitedMethods="0" numMethods="3" />
          <FullName>CardGame.DeclareAttack</FullName>
          <Methods>
            <Method visited="false" cyclomaticComplexity="0" nPathComplexity="0" sequenceCoverage="0.0" branchCoverage="0" crapScore="0" isConstructor="false" isStatic="false" isGetter="false" isSetter="false">
              <Summary numSequencePoints="3" visitedSequencePoints="0" numBranchPoints="0" visitedBranchPoints="0" sequenceCoverage="0.0" branchCoverage="0" maxCyclomaticComplexity="0" minCyclomaticComplexity="0" maxCrapScore="0" minCrapScore="0" visitedClasses="0" numClasses="0" visitedMethods="0" numMethods="1" />
              <MetadataToken>100663315</MetadataToken>
              <Name>System.Boolean CardGame.DeclareAttack::CanExecute(CardGame.Battle, CardGame.Player)</Name>
              <FileRef uid="9" />
              <SequencePoints>
                <SequencePoint vc="0" uspid="1067" ordinal="0" offset="0" sl="13" sc="0" el="13" ec="0" bec="0" bev="0" fileid="9" />
                <SequencePoint vc="0" uspid="1068" ordinal="0" offset="1" sl="14" sc="0" el="14" ec="0" bec="0" bev="0" fileid="9" />
                <SequencePoint vc="0" uspid="1069" ordinal="0" offset="30" sl="15" sc="0" el="15" ec="0" bec="0" bev="0" fileid="9" />
              </SequencePoints>
              <BranchPoints />
            </Method>
            <Method visited="false" cyclomaticComplexity="0" nPathComplexity="0" sequenceCoverage="0.0" branchCoverage="0" crapScore="0" isConstructor="false" isStatic="false" isGetter="false" isSetter="false">
              <Summary numSequencePoints="3" visitedSequencePoints="0" numBranchPoints="0" visitedBranchPoints="0" sequenceCoverage="0.0" branchCoverage="0" maxCyclomaticComplexity="0" minCyclomaticComplexity="0" maxCrapScore="0" minCrapScore="0" visitedClasses="0" numClasses="0" visitedMethods="0" numMethods="1" />
              <MetadataToken>100663316</MetadataToken>
              <Name>System.Void CardGame.DeclareAttack::Execute(CardGame.Battle, CardGame.Player)</Name>
              <FileRef uid="9" />
              <SequencePoints>
                <SequencePoint vc="0" uspid="1070" ordinal="0" offset="0" sl="18" sc="0" el="18" ec="0" bec="0" bev="0" fileid="9" />
                <SequencePoint vc="0" uspid="1071" ordinal="0" offset="1" sl="19" sc="0" el="19" ec="0" bec="0" bev="0" fileid="9" />
                <SequencePoint vc="0" uspid="1072" ordinal="0" offset="19" sl="20" sc="0" el="20" ec="0" bec="0" bev="0" fileid="9" />
              </SequencePoints>
              <BranchPoints />
            </Method>
            <Method visited="false" cyclomaticComplexity="0" nPathComplexity="0" sequenceCoverage="0.0" branchCoverage="0" crapScore="0" isConstructor="true" isStatic="false" isGetter="false" isSetter="false">
              <Summary numSequencePoints="4" visitedSequencePoints="0" numBranchPoints="0" visitedBranchPoints="0" sequenceCoverage="0.0" branchCoverage="0" maxCyclomaticComplexity="0" minCyclomaticComplexity="0" maxCrapScore="0" minCrapScore="0" visitedClasses="0" numClasses="0" visitedMethods="0" numMethods="1" />
              <MetadataToken>100663314</MetadataToken>
              <Name>CardGame.DeclareAttack::DeclareAttack(CardGame.CardSlot)</Name>
              <FileRef uid="9" />
              <SequencePoints>
                <SequencePoint vc="0" uspid="1073" ordinal="0" offset="0" sl="7" sc="0" el="7" ec="0" bec="0" bev="0" fileid="9" />
                <SequencePoint vc="0" uspid="1074" ordinal="0" offset="7" sl="8" sc="0" el="8" ec="0" bec="0" bev="0" fileid="9" />
                <SequencePoint vc="0" uspid="1075" ordinal="0" offset="8" sl="9" sc="0" el="9" ec="0" bec="0" bev="0" fileid="9" />
                <SequencePoint vc="0" uspid="1076" ordinal="0" offset="15" sl="10" sc="0" el="10" ec="0" bec="0" bev="0" fileid="9" />
              </SequencePoints>
              <BranchPoints />
            </Method>
          </Methods>
        </Class>
        <Class>
          <Summary numSequencePoints="11" visitedSequencePoints="0" numBranchPoints="0" visitedBranchPoints="0" sequenceCoverage="0.0" branchCoverage="0.0" maxCyclomaticComplexity="0" minCyclomaticComplexity="0" maxCrapScore="0" minCrapScore="0" visitedClasses="0" numClasses="1" visitedMethods="0" numMethods="3" />
          <FullName>CardGame.DefendFromHand</FullName>
          <Methods>
            <Method visited="false" cyclomaticComplexity="0" nPathComplexity="0" sequenceCoverage="0.0" branchCoverage="0" crapScore="0" isConstructor="false" isStatic="false" isGetter="false" isSetter="false">
              <Summary numSequencePoints="3" visitedSequencePoints="0" numBranchPoints="0" visitedBranchPoints="0" sequenceCoverage="0.0" branchCoverage="0" maxCyclomaticComplexity="0" minCyclomaticComplexity="0" maxCrapScore="0" minCrapScore="0" visitedClasses="0" numClasses="0" visitedMethods="0" numMethods="1" />
              <MetadataToken>100663318</MetadataToken>
              <Name>System.Boolean CardGame.DefendFromHand::CanExecute(CardGame.Battle, CardGame.Player)</Name>
              <FileRef uid="10" />
              <SequencePoints>
                <SequencePoint vc="0" uspid="1077" ordinal="0" offset="0" sl="13" sc="0" el="13" ec="0" bec="0" bev="0" fileid="10" />
                <SequencePoint vc="0" uspid="1078" ordinal="0" offset="1" sl="14" sc="0" el="14" ec="0" bec="0" bev="0" fileid="10" />
                <SequencePoint vc="0" uspid="1079" ordinal="0" offset="72" sl="15" sc="0" el="15" ec="0" bec="0" bev="0" fileid="10" />
              </SequencePoints>
              <BranchPoints />
            </Method>
            <Method visited="false" cyclomaticComplexity="0" nPathComplexity="0" sequenceCoverage="0.0" branchCoverage="0" crapScore="0" isConstructor="false" isStatic="false" isGetter="false" isSetter="false">
              <Summary numSequencePoints="4" visitedSequencePoints="0" numBranchPoints="0" visitedBranchPoints="0" sequenceCoverage="0.0" branchCoverage="0" maxCyclomaticComplexity="0" minCyclomaticComplexity="0" maxCrapScore="0" minCrapScore="0" visitedClasses="0" numClasses="0" visitedMethods="0" numMethods="1" />
              <MetadataToken>100663319</MetadataToken>
              <Name>System.Void CardGame.DefendFromHand::Execute(CardGame.Battle, CardGame.Player)</Name>
              <FileRef uid="10" />
              <SequencePoints>
                <SequencePoint vc="0" uspid="1080" ordinal="0" offset="0" sl="18" sc="0" el="18" ec="0" bec="0" bev="0" fileid="10" />
                <SequencePoint vc="0" uspid="1081" ordinal="0" offset="1" sl="19" sc="0" el="19" ec="0" bec="0" bev="0" fileid="10" />
                <SequencePoint vc="0" uspid="1082" ordinal="0" offset="19" sl="20" sc="0" el="20" ec="0" bec="0" bev="0" fileid="10" />
                <SequencePoint vc="0" uspid="1083" ordinal="0" offset="37" sl="21" sc="0" el="21" ec="0" bec="0" bev="0" fileid="10" />
              </SequencePoints>
              <BranchPoints />
            </Method>
            <Method visited="false" cyclomaticComplexity="0" nPathComplexity="0" sequenceCoverage="0.0" branchCoverage="0" crapScore="0" isConstructor="true" isStatic="false" isGetter="false" isSetter="false">
              <Summary numSequencePoints="4" visitedSequencePoints="0" numBranchPoints="0" visitedBranchPoints="0" sequenceCoverage="0.0" branchCoverage="0" maxCyclomaticComplexity="0" minCyclomaticComplexity="0" maxCrapScore="0" minCrapScore="0" visitedClasses="0" numClasses="0" visitedMethods="0" numMethods="1" />
              <MetadataToken>100663317</MetadataToken>
              <Name>CardGame.DefendFromHand::DefendFromHand(CardGame.ICard)</Name>
              <FileRef uid="10" />
              <SequencePoints>
                <SequencePoint vc="0" uspid="1084" ordinal="0" offset="0" sl="7" sc="0" el="7" ec="0" bec="0" bev="0" fileid="10" />
                <SequencePoint vc="0" uspid="1085" ordinal="0" offset="7" sl="8" sc="0" el="8" ec="0" bec="0" bev="0" fileid="10" />
                <SequencePoint vc="0" uspid="1086" ordinal="0" offset="8" sl="9" sc="0" el="9" ec="0" bec="0" bev="0" fileid="10" />
                <SequencePoint vc="0" uspid="1087" ordinal="0" offset="15" sl="10" sc="0" el="10" ec="0" bec="0" bev="0" fileid="10" />
              </SequencePoints>
              <BranchPoints />
            </Method>
          </Methods>
        </Class>
        <Class>
          <Summary numSequencePoints="10" visitedSequencePoints="0" numBranchPoints="0" visitedBranchPoints="0" sequenceCoverage="0.0" branchCoverage="0.0" maxCyclomaticComplexity="0" minCyclomaticComplexity="0" maxCrapScore="0" minCrapScore="0" visitedClasses="0" numClasses="1" visitedMethods="0" numMethods="3" />
          <FullName>CardGame.SetPhase</FullName>
          <Methods>
            <Method visited="false" cyclomaticComplexity="0" nPathComplexity="0" sequenceCoverage="0.0" branchCoverage="0" crapScore="0" isConstructor="false" isStatic="false" isGetter="false" isSetter="false">
              <Summary numSequencePoints="3" visitedSequencePoints="0" numBranchPoints="0" visitedBranchPoints="0" sequenceCoverage="0.0" branchCoverage="0" maxCyclomaticComplexity="0" minCyclomaticComplexity="0" maxCrapScore="0" minCrapScore="0" visitedClasses="0" numClasses="0" visitedMethods="0" numMethods="1" />
              <MetadataToken>100663321</MetadataToken>
              <Name>System.Boolean CardGame.SetPhase::CanExecute(CardGame.Battle, CardGame.Player)</Name>
              <FileRef uid="11" />
              <SequencePoints>
                <SequencePoint vc="0" uspid="1088" ordinal="0" offset="0" sl="15" sc="0" el="15" ec="0" bec="0" bev="0" fileid="11" />
                <SequencePoint vc="0" uspid="1089" ordinal="0" offset="1" sl="16" sc="0" el="16" ec="0" bec="0" bev="0" fileid="11" />
                <SequencePoint vc="0" uspid="1090" ordinal="0" offset="5" sl="17" sc="0" el="17" ec="0" bec="0" bev="0" fileid="11" />
              </SequencePoints>
              <BranchPoints />
            </Method>
            <Method visited="false" cyclomaticComplexity="0" nPathComplexity="0" sequenceCoverage="0.0" branchCoverage="0" crapScore="0" isConstructor="false" isStatic="false" isGetter="false" isSetter="false">
              <Summary numSequencePoints="3" visitedSequencePoints="0" numBranchPoints="0" visitedBranchPoints="0" sequenceCoverage="0.0" branchCoverage="0" maxCyclomaticComplexity="0" minCyclomaticComplexity="0" maxCrapScore="0" minCrapScore="0" visitedClasses="0" numClasses="0" visitedMethods="0" numMethods="1" />
              <MetadataToken>100663322</MetadataToken>
              <Name>System.Void CardGame.SetPhase::Execute(CardGame.Battle, CardGame.Player)</Name>
              <FileRef uid="11" />
              <SequencePoints>
                <SequencePoint vc="0" uspid="1091" ordinal="0" offset="0" sl="20" sc="0" el="20" ec="0" bec="0" bev="0" fileid="11" />
                <SequencePoint vc="0" uspid="1092" ordinal="0" offset="1" sl="21" sc="0" el="21" ec="0" bec="0" bev="0" fileid="11" />
                <SequencePoint vc="0" uspid="1093" ordinal="0" offset="19" sl="22" sc="0" el="22" ec="0" bec="0" bev="0" fileid="11" />
              </SequencePoints>
              <BranchPoints />
            </Method>
            <Method visited="false" cyclomaticComplexity="0" nPathComplexity="0" sequenceCoverage="0.0" branchCoverage="0" crapScore="0" isConstructor="true" isStatic="false" isGetter="false" isSetter="false">
              <Summary numSequencePoints="4" visitedSequencePoints="0" numBranchPoints="0" visitedBranchPoints="0" sequenceCoverage="0.0" branchCoverage="0" maxCyclomaticComplexity="0" minCyclomaticComplexity="0" maxCrapScore="0" minCrapScore="0" visitedClasses="0" numClasses="0" visitedMethods="0" numMethods="1" />
              <MetadataToken>100663320</MetadataToken>
              <Name>CardGame.SetPhase::SetPhase(CardGame.BattlePhase)</Name>
              <FileRef uid="11" />
              <SequencePoints>
                <SequencePoint vc="0" uspid="1094" ordinal="0" offset="0" sl="9" sc="0" el="9" ec="0" bec="0" bev="0" fileid="11" />
                <SequencePoint vc="0" uspid="1095" ordinal="0" offset="7" sl="10" sc="0" el="10" ec="0" bec="0" bev="0" fileid="11" />
                <SequencePoint vc="0" uspid="1096" ordinal="0" offset="8" sl="11" sc="0" el="11" ec="0" bec="0" bev="0" fileid="11" />
                <SequencePoint vc="0" uspid="1097" ordinal="0" offset="15" sl="12" sc="0" el="12" ec="0" bec="0" bev="0" fileid="11" />
              </SequencePoints>
              <BranchPoints />
            </Method>
          </Methods>
        </Class>
        <Class>
          <Summary numSequencePoints="60" visitedSequencePoints="0" numBranchPoints="0" visitedBranchPoints="0" sequenceCoverage="0.0" branchCoverage="0.0" maxCyclomaticComplexity="0" minCyclomaticComplexity="0" maxCrapScore="0" minCrapScore="0" visitedClasses="0" numClasses="1" visitedMethods="0" numMethods="11" />
          <FullName>CardGame.Battle</FullName>
          <Methods>
            <Method visited="false" cyclomaticComplexity="0" nPathComplexity="0" sequenceCoverage="0.0" branchCoverage="0" crapScore="0" isConstructor="false" isStatic="false" isGetter="true" isSetter="false">
              <Summary numSequencePoints="1" visitedSequencePoints="0" numBranchPoints="0" visitedBranchPoints="0" sequenceCoverage="0.0" branchCoverage="0" maxCyclomaticComplexity="0" minCyclomaticComplexity="0" maxCrapScore="0" minCrapScore="0" visitedClasses="0" numClasses="0" visitedMethods="0" numMethods="1" />
              <MetadataToken>100663323</MetadataToken>
              <Name>CardGame.Player CardGame.Battle::get_PriorityPlayer()</Name>
              <FileRef uid="12" />
              <SequencePoints>
                <SequencePoint vc="0" uspid="1098" ordinal="0" offset="0" sl="7" sc="0" el="7" ec="0" bec="0" bev="0" fileid="12" />
              </SequencePoints>
              <BranchPoints />
            </Method>
            <Method visited="false" cyclomaticComplexity="0" nPathComplexity="0" sequenceCoverage="0.0" branchCoverage="0" crapScore="0" isConstructor="false" isStatic="false" isGetter="true" isSetter="false">
              <Summary numSequencePoints="1" visitedSequencePoints="0" numBranchPoints="0" visitedBranchPoints="0" sequenceCoverage="0.0" branchCoverage="0" maxCyclomaticComplexity="0" minCyclomaticComplexity="0" maxCrapScore="0" minCrapScore="0" visitedClasses="0" numClasses="0" visitedMethods="0" numMethods="1" />
              <MetadataToken>100663324</MetadataToken>
              <Name>CardGame.Player CardGame.Battle::get_AttackingPlayer()</Name>
              <FileRef uid="12" />
              <SequencePoints>
                <SequencePoint vc="0" uspid="1099" ordinal="0" offset="0" sl="8" sc="0" el="8" ec="0" bec="0" bev="0" fileid="12" />
              </SequencePoints>
              <BranchPoints />
            </Method>
            <Method visited="false" cyclomaticComplexity="0" nPathComplexity="0" sequenceCoverage="0.0" branchCoverage="0" crapScore="0" isConstructor="false" isStatic="false" isGetter="true" isSetter="false">
              <Summary numSequencePoints="1" visitedSequencePoints="0" numBranchPoints="0" visitedBranchPoints="0" sequenceCoverage="0.0" branchCoverage="0" maxCyclomaticComplexity="0" minCyclomaticComplexity="0" maxCrapScore="0" minCrapScore="0" visitedClasses="0" numClasses="0" visitedMethods="0" numMethods="1" />
              <MetadataToken>100663325</MetadataToken>
              <Name>CardGame.Player CardGame.Battle::get_DefendingPlayer()</Name>
              <FileRef uid="12" />
              <SequencePoints>
                <SequencePoint vc="0" uspid="1100" ordinal="0" offset="0" sl="9" sc="0" el="9" ec="0" bec="0" bev="0" fileid="12" />
              </SequencePoints>
              <BranchPoints />
            </Method>
            <Method visited="false" cyclomaticComplexity="0" nPathComplexity="0" sequenceCoverage="0.0" branchCoverage="0" crapScore="0" isConstructor="false" isStatic="false" isGetter="true" isSetter="false">
              <Summary numSequencePoints="1" visitedSequencePoints="0" numBranchPoints="0" visitedBranchPoints="0" sequenceCoverage="0.0" branchCoverage="0" maxCyclomaticComplexity="0" minCyclomaticComplexity="0" maxCrapScore="0" minCrapScore="0" visitedClasses="0" numClasses="0" visitedMethods="0" numMethods="1" />
              <MetadataToken>100663326</MetadataToken>
              <Name>System.Boolean CardGame.Battle::get_Player1Priority()</Name>
              <FileRef uid="12" />
              <SequencePoints>
                <SequencePoint vc="0" uspid="1101" ordinal="0" offset="0" sl="10" sc="0" el="10" ec="0" bec="0" bev="0" fileid="12" />
              </SequencePoints>
              <BranchPoints />
            </Method>
            <Method visited="false" cyclomaticComplexity="0" nPathComplexity="0" sequenceCoverage="0.0" branchCoverage="0" crapScore="0" isConstructor="false" isStatic="false" isGetter="false" isSetter="true">
              <Summary numSequencePoints="1" visitedSequencePoints="0" numBranchPoints="0" visitedBranchPoints="0" sequenceCoverage="0.0" branchCoverage="0" maxCyclomaticComplexity="0" minCyclomaticComplexity="0" maxCrapScore="0" minCrapScore="0" visitedClasses="0" numClasses="0" visitedMethods="0" numMethods="1" />
              <MetadataToken>100663327</MetadataToken>
              <Name>System.Void CardGame.Battle::set_Player1Priority(System.Boolean)</Name>
              <FileRef uid="12" />
              <SequencePoints>
                <SequencePoint vc="0" uspid="1102" ordinal="0" offset="0" sl="10" sc="0" el="10" ec="0" bec="0" bev="0" fileid="12" />
              </SequencePoints>
              <BranchPoints />
            </Method>
            <Method visited="false" cyclomaticComplexity="0" nPathComplexity="0" sequenceCoverage="0.0" branchCoverage="0" crapScore="0" isConstructor="false" isStatic="false" isGetter="false" isSetter="false">
              <Summary numSequencePoints="6" visitedSequencePoints="0" numBranchPoints="0" visitedBranchPoints="0" sequenceCoverage="0.0" branchCoverage="0" maxCyclomaticComplexity="0" minCyclomaticComplexity="0" maxCrapScore="0" minCrapScore="0" visitedClasses="0" numClasses="0" visitedMethods="0" numMethods="1" />
              <MetadataToken>100663329</MetadataToken>
              <Name>System.Void CardGame.Battle::SetupPlayer(CardGame.Player)</Name>
              <FileRef uid="12" />
              <SequencePoints>
                <SequencePoint vc="0" uspid="1103" ordinal="0" offset="0" sl="70" sc="0" el="70" ec="0" bec="0" bev="0" fileid="12" />
                <SequencePoint vc="0" uspid="1104" ordinal="0" offset="1" sl="72" sc="0" el="72" ec="0" bec="0" bev="0" fileid="12" />
                <SequencePoint vc="0" uspid="1105" ordinal="0" offset="5" sl="72" sc="0" el="72" ec="0" bec="0" bev="0" fileid="12" />
                <SequencePoint vc="0" uspid="1106" ordinal="0" offset="18" sl="72" sc="0" el="72" ec="0" bec="0" bev="0" fileid="12" />
                <SequencePoint vc="0" uspid="1107" ordinal="0" offset="22" sl="72" sc="0" el="72" ec="0" bec="0" bev="0" fileid="12" />
                <SequencePoint vc="0" uspid="1108" ordinal="0" offset="30" sl="73" sc="0" el="73" ec="0" bec="0" bev="0" fileid="12" />
              </SequencePoints>
              <BranchPoints />
            </Method>
            <Method visited="false" cyclomaticComplexity="0" nPathComplexity="0" sequenceCoverage="0.0" branchCoverage="0" crapScore="0" isConstructor="false" isStatic="false" isGetter="false" isSetter="false">
              <Summary numSequencePoints="4" visitedSequencePoints="0" numBranchPoints="0" visitedBranchPoints="0" sequenceCoverage="0.0" branchCoverage="0" maxCyclomaticComplexity="0" minCyclomaticComplexity="0" maxCrapScore="0" minCrapScore="0" visitedClasses="0" numClasses="0" visitedMethods="0" numMethods="1" />
              <MetadataToken>100663330</MetadataToken>
              <Name>System.Void CardGame.Battle::Execute(CardGame.IAction, CardGame.Player)</Name>
              <FileRef uid="12" />
              <SequencePoints>
                <SequencePoint vc="0" uspid="1109" ordinal="0" offset="0" sl="76" sc="0" el="76" ec="0" bec="0" bev="0" fileid="12" />
                <SequencePoint vc="0" uspid="1110" ordinal="0" offset="1" sl="77" sc="0" el="77" ec="0" bec="0" bev="0" fileid="12" />
                <SequencePoint vc="0" uspid="1111" ordinal="0" offset="13" sl="78" sc="0" el="78" ec="0" bec="0" bev="0" fileid="12" />
                <SequencePoint vc="0" uspid="1112" ordinal="0" offset="22" sl="79" sc="0" el="79" ec="0" bec="0" bev="0" fileid="12" />
              </SequencePoints>
              <BranchPoints />
            </Method>
            <Method visited="false" cyclomaticComplexity="0" nPathComplexity="0" sequenceCoverage="0.0" branchCoverage="0" crapScore="0" isConstructor="false" isStatic="false" isGetter="false" isSetter="false">
              <Summary numSequencePoints="3" visitedSequencePoints="0" numBranchPoints="0" visitedBranchPoints="0" sequenceCoverage="0.0" branchCoverage="0" maxCyclomaticComplexity="0" minCyclomaticComplexity="0" maxCrapScore="0" minCrapScore="0" visitedClasses="0" numClasses="0" visitedMethods="0" numMethods="1" />
              <MetadataToken>100663331</MetadataToken>
              <Name>System.Void CardGame.Battle::Execute(CardGame.IAction)</Name>
              <FileRef uid="12" />
              <SequencePoints>
                <SequencePoint vc="0" uspid="1113" ordinal="0" offset="0" sl="82" sc="0" el="82" ec="0" bec="0" bev="0" fileid="12" />
                <SequencePoint vc="0" uspid="1114" ordinal="0" offset="1" sl="83" sc="0" el="83" ec="0" bec="0" bev="0" fileid="12" />
                <SequencePoint vc="0" uspid="1115" ordinal="0" offset="15" sl="84" sc="0" el="84" ec="0" bec="0" bev="0" fileid="12" />
              </SequencePoints>
              <BranchPoints />
            </Method>
            <Method visited="false" cyclomaticComplexity="0" nPathComplexity="0" sequenceCoverage="0.0" branchCoverage="0" crapScore="0" isConstructor="false" isStatic="false" isGetter="false" isSetter="false">
              <Summary numSequencePoints="4" visitedSequencePoints="0" numBranchPoints="0" visitedBranchPoints="0" sequenceCoverage="0.0" branchCoverage="0" maxCyclomaticComplexity="0" minCyclomaticComplexity="0" maxCrapScore="0" minCrapScore="0" visitedClasses="0" numClasses="0" visitedMethods="0" numMethods="1" />
              <MetadataToken>100663332</MetadataToken>
              <Name>System.Void CardGame.Battle::&lt;.ctor&gt;b__15_0()</Name>
              <FileRef uid="12" />
              <SequencePoints>
                <SequencePoint vc="0" uspid="1116" ordinal="0" offset="0" sl="26" sc="0" el="26" ec="0" bec="0" bev="0" fileid="12" />
                <SequencePoint vc="0" uspid="1117" ordinal="0" offset="1" sl="27" sc="0" el="27" ec="0" bec="0" bev="0" fileid="12" />
                <SequencePoint vc="0" uspid="1118" ordinal="0" offset="16" sl="28" sc="0" el="28" ec="0" bec="0" bev="0" fileid="12" />
                <SequencePoint vc="0" uspid="1119" ordinal="0" offset="29" sl="29" sc="0" el="29" ec="0" bec="0" bev="0" fileid="12" />
              </SequencePoints>
              <BranchPoints />
            </Method>
            <Method visited="false" cyclomaticComplexity="0" nPathComplexity="0" sequenceCoverage="0.0" branchCoverage="0" crapScore="0" isConstructor="false" isStatic="false" isGetter="false" isSetter="false">
              <Summary numSequencePoints="25" visitedSequencePoints="0" numBranchPoints="0" visitedBranchPoints="0" sequenceCoverage="0.0" branchCoverage="0" maxCyclomaticComplexity="0" minCyclomaticComplexity="0" maxCrapScore="0" minCrapScore="0" visitedClasses="0" numClasses="0" visitedMethods="0" numMethods="1" />
              <MetadataToken>100663333</MetadataToken>
              <Name>System.Void CardGame.Battle::&lt;.ctor&gt;b__15_1(CardGame.BattlePhase)</Name>
              <FileRef uid="12" />
              <SequencePoints>
                <SequencePoint vc="0" uspid="1120" ordinal="0" offset="0" sl="35" sc="0" el="35" ec="0" bec="0" bev="0" fileid="12" />
                <SequencePoint vc="0" uspid="1121" ordinal="0" offset="1" sl="36" sc="0" el="36" ec="0" bec="0" bev="0" fileid="12" />
                <SequencePoint vc="0" uspid="1122" ordinal="0" offset="44" sl="39" sc="0" el="39" ec="0" bec="0" bev="0" fileid="12" />
                <SequencePoint vc="0" uspid="1123" ordinal="0" offset="67" sl="40" sc="0" el="40" ec="0" bec="0" bev="0" fileid="12" />
                <SequencePoint vc="0" uspid="1124" ordinal="0" offset="72" sl="42" sc="0" el="42" ec="0" bec="0" bev="0" fileid="12" />
                <SequencePoint vc="0" uspid="1125" ordinal="0" offset="84" sl="43" sc="0" el="43" ec="0" bec="0" bev="0" fileid="12" />
                <SequencePoint vc="0" uspid="1126" ordinal="0" offset="89" sl="45" sc="0" el="45" ec="0" bec="0" bev="0" fileid="12" />
                <SequencePoint vc="0" uspid="1127" ordinal="0" offset="107" sl="46" sc="0" el="46" ec="0" bec="0" bev="0" fileid="12" />
                <SequencePoint vc="0" uspid="1128" ordinal="0" offset="108" sl="47" sc="0" el="47" ec="0" bec="0" bev="0" fileid="12" />
                <SequencePoint vc="0" uspid="1129" ordinal="0" offset="119" sl="49" sc="0" el="49" ec="0" bec="0" bev="0" fileid="12" />
                <SequencePoint vc="0" uspid="1130" ordinal="0" offset="136" sl="50" sc="0" el="50" ec="0" bec="0" bev="0" fileid="12" />
                <SequencePoint vc="0" uspid="1131" ordinal="0" offset="139" sl="52" sc="0" el="52" ec="0" bec="0" bev="0" fileid="12" />
                <SequencePoint vc="0" uspid="1132" ordinal="0" offset="155" sl="53" sc="0" el="53" ec="0" bec="0" bev="0" fileid="12" />
                <SequencePoint vc="0" uspid="1133" ordinal="0" offset="157" sl="55" sc="0" el="55" ec="0" bec="0" bev="0" fileid="12" />
                <SequencePoint vc="0" uspid="1134" ordinal="0" offset="170" sl="56" sc="0" el="56" ec="0" bec="0" bev="0" fileid="12" />
                <SequencePoint vc="0" uspid="1135" ordinal="0" offset="193" sl="57" sc="0" el="57" ec="0" bec="0" bev="0" fileid="12" />
                <SequencePoint vc="0" uspid="1136" ordinal="0" offset="197" sl="58" sc="0" el="58" ec="0" bec="0" bev="0" fileid="12" />
                <SequencePoint vc="0" uspid="1137" ordinal="0" offset="198" sl="59" sc="0" el="59" ec="0" bec="0" bev="0" fileid="12" />
                <SequencePoint vc="0" uspid="1138" ordinal="0" offset="216" sl="60" sc="0" el="60" ec="0" bec="0" bev="0" fileid="12" />
                <SequencePoint vc="0" uspid="1139" ordinal="0" offset="217" sl="57" sc="0" el="57" ec="0" bec="0" bev="0" fileid="12" />
                <SequencePoint vc="0" uspid="1140" ordinal="0" offset="221" sl="57" sc="0" el="57" ec="0" bec="0" bev="0" fileid="12" />
                <SequencePoint vc="0" uspid="1141" ordinal="0" offset="241" sl="61" sc="0" el="61" ec="0" bec="0" bev="0" fileid="12" />
                <SequencePoint vc="0" uspid="1142" ordinal="0" offset="243" sl="63" sc="0" el="63" ec="0" bec="0" bev="0" fileid="12" />
                <SequencePoint vc="0" uspid="1143" ordinal="0" offset="266" sl="64" sc="0" el="64" ec="0" bec="0" bev="0" fileid="12" />
                <SequencePoint vc="0" uspid="1144" ordinal="0" offset="268" sl="66" sc="0" el="66" ec="0" bec="0" bev="0" fileid="12" />
              </SequencePoints>
              <BranchPoints />
            </Method>
            <Method visited="false" cyclomaticComplexity="0" nPathComplexity="0" sequenceCoverage="0.0" branchCoverage="0" crapScore="0" isConstructor="true" isStatic="false" isGetter="false" isSetter="false">
              <Summary numSequencePoints="13" visitedSequencePoints="0" numBranchPoints="0" visitedBranchPoints="0" sequenceCoverage="0.0" branchCoverage="0" maxCyclomaticComplexity="0" minCyclomaticComplexity="0" maxCrapScore="0" minCrapScore="0" visitedClasses="0" numClasses="0" visitedMethods="0" numMethods="1" />
              <MetadataToken>100663328</MetadataToken>
              <Name>CardGame.Battle::Battle(CardGame.Player, CardGame.Player)</Name>
              <FileRef uid="12" />
              <SequencePoints>
                <SequencePoint vc="0" uspid="1145" ordinal="0" offset="0" sl="10" sc="0" el="10" ec="0" bec="0" bev="0" fileid="12" />
                <SequencePoint vc="0" uspid="1146" ordinal="0" offset="7" sl="15" sc="0" el="15" ec="0" bec="0" bev="0" fileid="12" />
                <SequencePoint vc="0" uspid="1147" ordinal="0" offset="14" sl="17" sc="0" el="17" ec="0" bec="0" bev="0" fileid="12" />
                <SequencePoint vc="0" uspid="1148" ordinal="0" offset="21" sl="18" sc="0" el="18" ec="0" bec="0" bev="0" fileid="12" />
                <SequencePoint vc="0" uspid="1149" ordinal="0" offset="22" sl="19" sc="0" el="19" ec="0" bec="0" bev="0" fileid="12" />
                <SequencePoint vc="0" uspid="1150" ordinal="0" offset="29" sl="20" sc="0" el="20" ec="0" bec="0" bev="0" fileid="12" />
                <SequencePoint vc="0" uspid="1151" ordinal="0" offset="36" sl="22" sc="0" el="22" ec="0" bec="0" bev="0" fileid="12" />
                <SequencePoint vc="0" uspid="1152" ordinal="0" offset="47" sl="24" sc="0" el="24" ec="0" bec="0" bev="0" fileid="12" />
                <SequencePoint vc="0" uspid="1153" ordinal="0" offset="58" sl="25" sc="0" el="25" ec="0" bec="0" bev="0" fileid="12" />
                <SequencePoint vc="0" uspid="1154" ordinal="0" offset="82" sl="31" sc="0" el="31" ec="0" bec="0" bev="0" fileid="12" />
                <SequencePoint vc="0" uspid="1155" ordinal="0" offset="90" sl="32" sc="0" el="32" ec="0" bec="0" bev="0" fileid="12" />
                <SequencePoint vc="0" uspid="1156" ordinal="0" offset="98" sl="34" sc="0" el="34" ec="0" bec="0" bev="0" fileid="12" />
                <SequencePoint vc="0" uspid="1157" ordinal="0" offset="122" sl="67" sc="0" el="67" ec="0" bec="0" bev="0" fileid="12" />
              </SequencePoints>
              <BranchPoints />
            </Method>
          </Methods>
        </Class>
        <Class>
          <Summary numSequencePoints="36" visitedSequencePoints="0" numBranchPoints="0" visitedBranchPoints="0" sequenceCoverage="0.0" branchCoverage="0.0" maxCyclomaticComplexity="0" minCyclomaticComplexity="0" maxCrapScore="0" minCrapScore="0" visitedClasses="0" numClasses="1" visitedMethods="0" numMethods="10" />
          <FullName>CardGame.BattlePhaseManager</FullName>
          <Methods>
            <Method visited="false" cyclomaticComplexity="0" nPathComplexity="0" sequenceCoverage="0.0" branchCoverage="0" crapScore="0" isConstructor="false" isStatic="false" isGetter="true" isSetter="false">
              <Summary numSequencePoints="1" visitedSequencePoints="0" numBranchPoints="0" visitedBranchPoints="0" sequenceCoverage="0.0" branchCoverage="0" maxCyclomaticComplexity="0" minCyclomaticComplexity="0" maxCrapScore="0" minCrapScore="0" visitedClasses="0" numClasses="0" visitedMethods="0" numMethods="1" />
              <MetadataToken>100663334</MetadataToken>
              <Name>CardGame.BattlePhase CardGame.BattlePhaseManager::get_Value()</Name>
              <FileRef uid="13" />
              <SequencePoints>
                <SequencePoint vc="0" uspid="1158" ordinal="0" offset="0" sl="23" sc="0" el="23" ec="0" bec="0" bev="0" fileid="13" />
              </SequencePoints>
              <BranchPoints />
            </Method>
            <Method visited="false" cyclomaticComplexity="0" nPathComplexity="0" sequenceCoverage="0.0" branchCoverage="0" crapScore="0" isConstructor="false" isStatic="false" isGetter="false" isSetter="true">
[...]
              </SequencePoints>
              <BranchPoints />
            </Method>
            <Method visited="false" cyclomaticComplexity="0" nPathComplexity="0" sequenceCoverage="0.0" branchCoverage="0" crapScore="0" isConstructor="false" isStatic="false" isGetter="true" isSetter="false">
              <Summary numSequencePoints="1" visitedSequencePoints="0" numBranchPoints="0" visitedBranchPoints="0" sequenceCoverage="0.0" branchCoverage="0" maxCyclomaticComplexity="0" minCyclomaticComplexity="0" maxCrapScore="0" minCrapScore="0" visitedClasses="0" numClasses="0" visitedMethods="0" numMethods="1" />
              <MetadataToken>100663424</MetadataToken>
              <Name>System.Boolean CardGame.CardSlot::get_Exhausted()</Name>
              <FileRef uid="26" />
              <SequencePoints>
                <SequencePoint vc="0" uspid="1405" ordinal="0" offset="0" sl="8" sc="0" el="8" ec="0" bec="0" bev="0" fileid="26" />
              </SequencePoints>
              <BranchPoints />
            </Method>
            <Method visited="false" cyclomaticComplexity="0" nPathComplexity="0" sequenceCoverage="0.0" branchCoverage="0" crapScore="0" isConstructor="false" isStatic="false" isGetter="false" isSetter="true">
              <Summary numSequencePoints="1" visitedSequencePoints="0" numBranchPoints="0" visitedBranchPoints="0" sequenceCoverage="0.0" branchCoverage="0" maxCyclomaticComplexity="0" minCyclomaticComplexity="0" maxCrapScore="0" minCrapScore="0" visitedClasses="0" numClasses="0" visitedMethods="0" numMethods="1" />
              <MetadataToken>100663425</MetadataToken>
              <Name>System.Void CardGame.CardSlot::set_Exhausted(System.Boolean)</Name>
              <FileRef uid="26" />
              <SequencePoints>
                <SequencePoint vc="0" uspid="1406" ordinal="0" offset="0" sl="8" sc="0" el="8" ec="0" bec="0" bev="0" fileid="26" />
              </SequencePoints>
              <BranchPoints />
            </Method>
            <Method visited="false" cyclomaticComplexity="0" nPathComplexity="0" sequenceCoverage="0.0" branchCoverage="0" crapScore="0" isConstructor="false" isStatic="false" isGetter="false" isSetter="false">
              <Summary numSequencePoints="4" visitedSequencePoints="0" numBranchPoints="0" visitedBranchPoints="0" sequenceCoverage="0.0" branchCoverage="0" maxCyclomaticComplexity="0" minCyclomaticComplexity="0" maxCrapScore="0" minCrapScore="0" visitedClasses="0" numClasses="0" visitedMethods="0" numMethods="1" />
              <MetadataToken>100663433</MetadataToken>
              <Name>System.Void CardGame.CardSlot::Exhaust()</Name>
              <FileRef uid="26" />
              <SequencePoints>
                <SequencePoint vc="0" uspid="1407" ordinal="0" offset="0" sl="19" sc="0" el="19" ec="0" bec="0" bev="0" fileid="26" />
                <SequencePoint vc="0" uspid="1408" ordinal="0" offset="1" sl="20" sc="0" el="20" ec="0" bec="0" bev="0" fileid="26" />
                <SequencePoint vc="0" uspid="1409" ordinal="0" offset="9" sl="21" sc="0" el="21" ec="0" bec="0" bev="0" fileid="26" />
                <SequencePoint vc="0" uspid="1410" ordinal="0" offset="27" sl="22" sc="0" el="22" ec="0" bec="0" bev="0" fileid="26" />
              </SequencePoints>
              <BranchPoints />
            </Method>
            <Method visited="false" cyclomaticComplexity="0" nPathComplexity="0" sequenceCoverage="0.0" branchCoverage="0" crapScore="0" isConstructor="false" isStatic="false" isGetter="false" isSetter="false">
              <Summary numSequencePoints="4" visitedSequencePoints="0" numBranchPoints="0" visitedBranchPoints="0" sequenceCoverage="0.0" branchCoverage="0" maxCyclomaticComplexity="0" minCyclomaticComplexity="0" maxCrapScore="0" minCrapScore="0" visitedClasses="0" numClasses="0" visitedMethods="0" numMethods="1" />
              <MetadataToken>100663434</MetadataToken>
              <Name>System.Void CardGame.CardSlot::Alert()</Name>
              <FileRef uid="26" />
              <SequencePoints>
                <SequencePoint vc="0" uspid="1411" ordinal="0" offset="0" sl="25" sc="0" el="25" ec="0" bec="0" bev="0" fileid="26" />
                <SequencePoint vc="0" uspid="1412" ordinal="0" offset="1" sl="26" sc="0" el="26" ec="0" bec="0" bev="0" fileid="26" />
                <SequencePoint vc="0" uspid="1413" ordinal="0" offset="9" sl="27" sc="0" el="27" ec="0" bec="0" bev="0" fileid="26" />
                <SequencePoint vc="0" uspid="1414" ordinal="0" offset="27" sl="28" sc="0" el="28" ec="0" bec="0" bev="0" fileid="26" />
              </SequencePoints>
              <BranchPoints />
            </Method>
            <Method visited="false" cyclomaticComplexity="0" nPathComplexity="0" sequenceCoverage="0.0" branchCoverage="0" crapScore="0" isConstructor="false" isStatic="false" isGetter="false" isSetter="false">
              <Summary numSequencePoints="5" visitedSequencePoints="0" numBranchPoints="0" visitedBranchPoints="0" sequenceCoverage="0.0" branchCoverage="0" maxCyclomaticComplexity="0" minCyclomaticComplexity="0" maxCrapScore="0" minCrapScore="0" visitedClasses="0" numClasses="0" visitedMethods="0" numMethods="1" />
              <MetadataToken>100663435</MetadataToken>
              <Name>System.Void CardGame.CardSlot::SetCard(CardGame.ICard, System.Boolean)</Name>
              <FileRef uid="26" />
              <SequencePoints>
                <SequencePoint vc="0" uspid="1415" ordinal="0" offset="0" sl="31" sc="0" el="31" ec="0" bec="0" bev="0" fileid="26" />
                <SequencePoint vc="0" uspid="1416" ordinal="0" offset="1" sl="32" sc="0" el="32" ec="0" bec="0" bev="0" fileid="26" />
                <SequencePoint vc="0" uspid="1417" ordinal="0" offset="9" sl="33" sc="0" el="33" ec="0" bec="0" bev="0" fileid="26" />
                <SequencePoint vc="0" uspid="1418" ordinal="0" offset="17" sl="34" sc="0" el="34" ec="0" bec="0" bev="0" fileid="26" />
                <SequencePoint vc="0" uspid="1419" ordinal="0" offset="41" sl="35" sc="0" el="35" ec="0" bec="0" bev="0" fileid="26" />
              </SequencePoints>
              <BranchPoints />
            </Method>
            <Method visited="false" cyclomaticComplexity="0" nPathComplexity="0" sequenceCoverage="0.0" branchCoverage="0" crapScore="0" isConstructor="false" isStatic="false" isGetter="false" isSetter="false">
              <Summary numSequencePoints="4" visitedSequencePoints="0" numBranchPoints="0" visitedBranchPoints="0" sequenceCoverage="0.0" branchCoverage="0" maxCyclomaticComplexity="0" minCyclomaticComplexity="0" maxCrapScore="0" minCrapScore="0" visitedClasses="0" numClasses="0" visitedMethods="0" numMethods="1" />
              <MetadataToken>100663436</MetadataToken>
              <Name>System.Void CardGame.CardSlot::ClearCard()</Name>
              <FileRef uid="26" />
              <SequencePoints>
                <SequencePoint vc="0" uspid="1420" ordinal="0" offset="0" sl="38" sc="0" el="38" ec="0" bec="0" bev="0" fileid="26" />
                <SequencePoint vc="0" uspid="1421" ordinal="0" offset="1" sl="39" sc="0" el="39" ec="0" bec="0" bev="0" fileid="26" />
                <SequencePoint vc="0" uspid="1422" ordinal="0" offset="9" sl="40" sc="0" el="40" ec="0" bec="0" bev="0" fileid="26" />
                <SequencePoint vc="0" uspid="1423" ordinal="0" offset="28" sl="41" sc="0" el="41" ec="0" bec="0" bev="0" fileid="26" />
              </SequencePoints>
              <BranchPoints />
            </Method>
            <Method visited="false" cyclomaticComplexity="0" nPathComplexity="0" sequenceCoverage="0.0" branchCoverage="0" crapScore="0" isConstructor="true" isStatic="false" isGetter="false" isSetter="false">
              <Summary numSequencePoints="4" visitedSequencePoints="0" numBranchPoints="0" visitedBranchPoints="0" sequenceCoverage="0.0" branchCoverage="0" maxCyclomaticComplexity="0" minCyclomaticComplexity="0" maxCrapScore="0" minCrapScore="0" visitedClasses="0" numClasses="0" visitedMethods="0" numMethods="1" />
              <MetadataToken>100663432</MetadataToken>
              <Name>CardGame.CardSlot::CardSlot(CardGame.ICard)</Name>
              <FileRef uid="26" />
              <SequencePoints>
                <SequencePoint vc="0" uspid="1424" ordinal="0" offset="0" sl="13" sc="0" el="13" ec="0" bec="0" bev="0" fileid="26" />
                <SequencePoint vc="0" uspid="1425" ordinal="0" offset="7" sl="14" sc="0" el="14" ec="0" bec="0" bev="0" fileid="26" />
                <SequencePoint vc="0" uspid="1426" ordinal="0" offset="8" sl="15" sc="0" el="15" ec="0" bec="0" bev="0" fileid="26" />
                <SequencePoint vc="0" uspid="1427" ordinal="0" offset="16" sl="16" sc="0" el="16" ec="0" bec="0" bev="0" fileid="26" />
              </SequencePoints>
              <BranchPoints />
            </Method>
          </Methods>
        </Class>
        <Class>
          <Summary numSequencePoints="26" visitedSequencePoints="0" numBranchPoints="0" visitedBranchPoints="0" sequenceCoverage="0.0" branchCoverage="0.0" maxCyclomaticComplexity="0" minCyclomaticComplexity="0" maxCrapScore="0" minCrapScore="0" visitedClasses="0" numClasses="1" visitedMethods="0" numMethods="5" />
          <FullName>CardGame.MultiCardSlot</FullName>
          <Methods>
            <Method visited="false" cyclomaticComplexity="0" nPathComplexity="0" sequenceCoverage="0.0" branchCoverage="0" crapScore="0" isConstructor="false" isStatic="false" isGetter="false" isSetter="false">
              <Summary numSequencePoints="4" visitedSequencePoints="0" numBranchPoints="0" visitedBranchPoints="0" sequenceCoverage="0.0" branchCoverage="0" maxCyclomaticComplexity="0" minCyclomaticComplexity="0" maxCrapScore="0" minCrapScore="0" visitedClasses="0" numClasses="0" visitedMethods="0" numMethods="1" />
              <MetadataToken>100663442</MetadataToken>
              <Name>System.Void CardGame.MultiCardSlot::AddCard(CardGame.ICard)</Name>
              <FileRef uid="27" />
              <SequencePoints>
                <SequencePoint vc="0" uspid="1428" ordinal="0" offset="0" sl="18" sc="0" el="18" ec="0" bec="0" bev="0" fileid="27" />
                <SequencePoint vc="0" uspid="1429" ordinal="0" offset="1" sl="19" sc="0" el="19" ec="0" bec="0" bev="0" fileid="27" />
                <SequencePoint vc="0" uspid="1430" ordinal="0" offset="14" sl="20" sc="0" el="20" ec="0" bec="0" bev="0" fileid="27" />
                <SequencePoint vc="0" uspid="1431" ordinal="0" offset="33" sl="21" sc="0" el="21" ec="0" bec="0" bev="0" fileid="27" />
              </SequencePoints>
              <BranchPoints />
            </Method>
            <Method visited="false" cyclomaticComplexity="0" nPathComplexity="0" sequenceCoverage="0.0" branchCoverage="0" crapScore="0" isConstructor="false" isStatic="false" isGetter="false" isSetter="false">
              <Summary numSequencePoints="4" visitedSequencePoints="0" numBranchPoints="0" visitedBranchPoints="0" sequenceCoverage="0.0" branchCoverage="0" maxCyclomaticComplexity="0" minCyclomaticComplexity="0" maxCrapScore="0" minCrapScore="0" visitedClasses="0" numClasses="0" visitedMethods="0" numMethods="1" />
              <MetadataToken>100663443</MetadataToken>
              <Name>System.Void CardGame.MultiCardSlot::RemoveCard(CardGame.ICard)</Name>
              <FileRef uid="27" />
              <SequencePoints>
                <SequencePoint vc="0" uspid="1432" ordinal="0" offset="0" sl="24" sc="0" el="24" ec="0" bec="0" bev="0" fileid="27" />
                <SequencePoint vc="0" uspid="1433" ordinal="0" offset="1" sl="25" sc="0" el="25" ec="0" bec="0" bev="0" fileid="27" />
                <SequencePoint vc="0" uspid="1434" ordinal="0" offset="14" sl="26" sc="0" el="26" ec="0" bec="0" bev="0" fileid="27" />
                <SequencePoint vc="0" uspid="1435" ordinal="0" offset="33" sl="27" sc="0" el="27" ec="0" bec="0" bev="0" fileid="27" />
              </SequencePoints>
              <BranchPoints />
            </Method>
            <Method visited="false" cyclomaticComplexity="0" nPathComplexity="0" sequenceCoverage="0.0" branchCoverage="0" crapScore="0" isConstructor="false" isStatic="false" isGetter="false" isSetter="false">
              <Summary numSequencePoints="6" visitedSequencePoints="0" numBranchPoints="0" visitedBranchPoints="0" sequenceCoverage="0.0" branchCoverage="0" maxCyclomaticComplexity="0" minCyclomaticComplexity="0" maxCrapScore="0" minCrapScore="0" visitedClasses="0" numClasses="0" visitedMethods="0" numMethods="1" />
              <MetadataToken>100663444</MetadataToken>
              <Name>System.Void CardGame.MultiCardSlot::Clear()</Name>
              <FileRef uid="27" />
              <SequencePoints>
                <SequencePoint vc="0" uspid="1436" ordinal="0" offset="0" sl="30" sc="0" el="30" ec="0" bec="0" bev="0" fileid="27" />
                <SequencePoint vc="0" uspid="1437" ordinal="0" offset="1" sl="31" sc="0" el="31" ec="0" bec="0" bev="0" fileid="27" />
                <SequencePoint vc="0" uspid="1438" ordinal="0" offset="17" sl="31" sc="0" el="31" ec="0" bec="0" bev="0" fileid="27" />
                <SequencePoint vc="0" uspid="1439" ordinal="0" offset="36" sl="31" sc="0" el="31" ec="0" bec="0" bev="0" fileid="27" />
                <SequencePoint vc="0" uspid="1440" ordinal="0" offset="40" sl="31" sc="0" el="31" ec="0" bec="0" bev="0" fileid="27" />
                <SequencePoint vc="0" uspid="1441" ordinal="0" offset="51" sl="32" sc="0" el="32" ec="0" bec="0" bev="0" fileid="27" />
              </SequencePoints>
              <BranchPoints />
            </Method>
            <Method visited="false" cyclomaticComplexity="0" nPathComplexity="0" sequenceCoverage="0.0" branchCoverage="0" crapScore="0" isConstructor="false" isStatic="false" isGetter="false" isSetter="false">
              <Summary numSequencePoints="8" visitedSequencePoints="0" numBranchPoints="0" visitedBranchPoints="0" sequenceCoverage="0.0" branchCoverage="0" maxCyclomaticComplexity="0" minCyclomaticComplexity="0" maxCrapScore="0" minCrapScore="0" visitedClasses="0" numClasses="0" visitedMethods="0" numMethods="1" />
              <MetadataToken>100663445</MetadataToken>
              <Name>CardGame.ICard CardGame.MultiCardSlot::PopCard()</Name>
              <FileRef uid="27" />
              <SequencePoints>
                <SequencePoint vc="0" uspid="1442" ordinal="0" offset="0" sl="35" sc="0" el="35" ec="0" bec="0" bev="0" fileid="27" />
                <SequencePoint vc="0" uspid="1443" ordinal="0" offset="1" sl="36" sc="0" el="36" ec="0" bec="0" bev="0" fileid="27" />
                <SequencePoint vc="0" uspid="1444" ordinal="0" offset="19" sl="36" sc="0" el="36" ec="0" bec="0" bev="0" fileid="27" />
                <SequencePoint vc="0" uspid="1445" ordinal="0" offset="23" sl="38" sc="0" el="38" ec="0" bec="0" bev="0" fileid="27" />
                <SequencePoint vc="0" uspid="1446" ordinal="0" offset="36" sl="39" sc="0" el="39" ec="0" bec="0" bev="0" fileid="27" />
                <SequencePoint vc="0" uspid="1447" ordinal="0" offset="49" sl="40" sc="0" el="40" ec="0" bec="0" bev="0" fileid="27" />
                <SequencePoint vc="0" uspid="1448" ordinal="0" offset="68" sl="41" sc="0" el="41" ec="0" bec="0" bev="0" fileid="27" />
                <SequencePoint vc="0" uspid="1449" ordinal="0" offset="72" sl="42" sc="0" el="42" ec="0" bec="0" bev="0" fileid="27" />
              </SequencePoints>
              <BranchPoints />
            </Method>
            <Method visited="false" cyclomaticComplexity="0" nPathComplexity="0" sequenceCoverage="0.0" branchCoverage="0" crapScore="0" isConstructor="true" isStatic="false" isGetter="false" isSetter="false">
              <Summary numSequencePoints="4" visitedSequencePoints="0" numBranchPoints="0" visitedBranchPoints="0" sequenceCoverage="0.0" branchCoverage="0" maxCyclomaticComplexity="0" minCyclomaticComplexity="0" maxCrapScore="0" minCrapScore="0" visitedClasses="0" numClasses="0" visitedMethods="0" numMethods="1" />
              <MetadataToken>100663441</MetadataToken>
              <Name>CardGame.MultiCardSlot::MultiCardSlot(System.Collections.Generic.List[ICard])</Name>
              <FileRef uid="27" />
              <SequencePoints>
                <SequencePoint vc="0" uspid="1450" ordinal="0" offset="0" sl="12" sc="0" el="12" ec="0" bec="0" bev="0" fileid="27" />
                <SequencePoint vc="0" uspid="1451" ordinal="0" offset="7" sl="13" sc="0" el="13" ec="0" bec="0" bev="0" fileid="27" />
                <SequencePoint vc="0" uspid="1452" ordinal="0" offset="8" sl="14" sc="0" el="14" ec="0" bec="0" bev="0" fileid="27" />
                <SequencePoint vc="0" uspid="1453" ordinal="0" offset="24" sl="15" sc="0" el="15" ec="0" bec="0" bev="0" fileid="27" />
              </SequencePoints>
              <BranchPoints />
            </Method>
          </Methods>
        </Class>
        <Class>
          <Summary numSequencePoints="1" visitedSequencePoints="0" numBranchPoints="0" visitedBranchPoints="0" sequenceCoverage="0.0" branchCoverage="0.0" maxCyclomaticComplexity="0" minCyclomaticComplexity="0" maxCrapScore="0" minCrapScore="0" visitedClasses="0" numClasses="1" visitedMethods="0" numMethods="1" />
          <FullName>CardGame.CombatManager/&lt;&gt;c</FullName>
          <Methods>
            <Method visited="false" cyclomaticComplexity="0" nPathComplexity="0" sequenceCoverage="0.0" branchCoverage="0" crapScore="0" isConstructor="false" isStatic="false" isGetter="false" isSetter="false">
              <Summary numSequencePoints="1" visitedSequencePoints="0" numBranchPoints="0" visitedBranchPoints="0" sequenceCoverage="0.0" branchCoverage="0" maxCyclomaticComplexity="0" minCyclomaticComplexity="0" maxCrapScore="0" minCrapScore="0" visitedClasses="0" numClasses="0" visitedMethods="0" numMethods="1" />
              <MetadataToken>100663448</MetadataToken>
              <Name>System.Int32 CardGame.CombatManager/&lt;&gt;c::&lt;DamageCount&gt;b__10_0(CardGame.ICard)</Name>
              <FileRef uid="16" />
              <SequencePoints>
                <SequencePoint vc="0" uspid="1454" ordinal="0" offset="0" sl="39" sc="0" el="39" ec="0" bec="0" bev="0" fileid="16" />
              </SequencePoints>
              <BranchPoints />
            </Method>
          </Methods>
        </Class>
        <Class>
          <Summary numSequencePoints="1" visitedSequencePoints="0" numBranchPoints="0" visitedBranchPoints="0" sequenceCoverage="0.0" branchCoverage="0.0" maxCyclomaticComplexity="0" minCyclomaticComplexity="0" maxCrapScore="0" minCrapScore="0" visitedClasses="0" numClasses="1" visitedMethods="0" numMethods="1" />
          <FullName>CardGame.SingleCardSlotDisplay/&lt;&gt;c__DisplayClass14_0</FullName>
          <Methods>
            <Method visited="false" cyclomaticComplexity="0" nPathComplexity="0" sequenceCoverage="0.0" branchCoverage="0" crapScore="0" isConstructor="false" isStatic="false" isGetter="false" isSetter="false">
              <Summary numSequencePoints="1" visitedSequencePoints="0" numBranchPoints="0" visitedBranchPoints="0" sequenceCoverage="0.0" branchCoverage="0" maxCyclomaticComplexity="0" minCyclomaticComplexity="0" maxCrapScore="0" minCrapScore="0" visitedClasses="0" numClasses="0" visitedMethods="0" numMethods="1" />
              <MetadataToken>100663450</MetadataToken>
              <Name>System.Void CardGame.SingleCardSlotDisplay/&lt;&gt;c__DisplayClass14_0::&lt;Setup&gt;b__0(CardGame.ICard)</Name>
              <FileRef uid="23" />
              <SequencePoints>
                <SequencePoint vc="0" uspid="1455" ordinal="0" offset="0" sl="24" sc="0" el="24" ec="0" bec="0" bev="0" fileid="23" />
              </SequencePoints>
              <BranchPoints />
            </Method>
          </Methods>
        </Class>
      </Classes>
    </Module>
  </Modules>
</CoverageSession>