<?xml version="1.0" encoding="utf-8"?>
<CoverageSession xmlns:xsd="http://www.w3.org/2001/XMLSchema" xmlns:xsi="http://www.w3.org/2001/XMLSchema-instance" Version="0.0.0.0">
  <Summary numSequencePoints="81" visitedSequencePoints="81" numBranchPoints="0" visitedBranchPoints="0" sequenceCoverage="100.0" branchCoverage="0.0" maxCyclomaticComplexity="0" minCyclomaticComplexity="0" maxCrapScore="0" minCrapScore="0" visitedClasses="8" numClasses="8" visitedMethods="24" numMethods="24" />
  <Modules>
    <Module>
      <Summary numSequencePoints="48" visitedSequencePoints="48" numBranchPoints="0" visitedBranchPoints="0" sequenceCoverage="100.0" branchCoverage="0.0" maxCyclomaticComplexity="0" minCyclomaticComplexity="0" maxCrapScore="0" minCrapScore="0" visitedClasses="4" numClasses="4" visitedMethods="11" numMethods="11" />
      <ModuleTime>0001-01-01T00:00:00</ModuleTime>
      <ModuleName>Tests</ModuleName>
      <Files>
        <File uid="1" fullPath="C:/Users/Valeriy/Documents/Projects/Project Card Game/Card Game/Assets/Tests/Slots/CardSlotTests.cs" />
        <File uid="2" fullPath="C:/Users/Valeriy/Documents/Projects/Project Card Game/Card Game/Assets/Tests/Slots/CardTests.cs" />
        <File uid="3" fullPath="C:/Users/Valeriy/Documents/Projects/Project Card Game/Card Game/Assets/Tests/Slots/TestCardData.cs" />
      </Files>
      <Classes>
        <Class>
          <Summary numSequencePoints="38" visitedSequencePoints="38" numBranchPoints="0" visitedBranchPoints="0" sequenceCoverage="100.0" branchCoverage="0.0" maxCyclomaticComplexity="0" minCyclomaticComplexity="0" maxCrapScore="0" minCrapScore="0" visitedClasses="1" numClasses="1" visitedMethods="7" numMethods="7" />
          <FullName>Tests.Slots.CardSlotTests</FullName>
          <Methods>
            <Method visited="true" cyclomaticComplexity="0" nPathComplexity="0" sequenceCoverage="100.0" branchCoverage="0" crapScore="0" isConstructor="false" isStatic="false" isGetter="false" isSetter="false">
              <Summary numSequencePoints="5" visitedSequencePoints="5" numBranchPoints="0" visitedBranchPoints="0" sequenceCoverage="100.0" branchCoverage="0" maxCyclomaticComplexity="0" minCyclomaticComplexity="0" maxCrapScore="0" minCrapScore="0" visitedClasses="0" numClasses="0" visitedMethods="1" numMethods="1" />
              <MetadataToken>100663297</MetadataToken>
              <Name>System.Void Tests.Slots.CardSlotTests::SetCard()</Name>
              <FileRef uid="1" />
              <SequencePoints>
                <SequencePoint vc="1" uspid="1456" ordinal="0" offset="0" sl="12" sc="9" el="12" ec="9" bec="0" bev="0" fileid="1" />
                <SequencePoint vc="1" uspid="1457" ordinal="0" offset="1" sl="13" sc="13" el="13" ec="13" bec="0" bev="0" fileid="1" />
                <SequencePoint vc="1" uspid="1458" ordinal="0" offset="8" sl="14" sc="13" el="14" ec="13" bec="0" bev="0" fileid="1" />
                <SequencePoint vc="1" uspid="1459" ordinal="0" offset="22" sl="15" sc="13" el="15" ec="13" bec="0" bev="0" fileid="1" />
                <SequencePoint vc="1" uspid="1460" ordinal="0" offset="40" sl="16" sc="9" el="16" ec="9" bec="0" bev="0" fileid="1" />
              </SequencePoints>
              <BranchPoints />
            </Method>
            <Method visited="true" cyclomaticComplexity="0" nPathComplexity="0" sequenceCoverage="100.0" branchCoverage="0" crapScore="0" isConstructor="false" isStatic="false" isGetter="false" isSetter="false">
              <Summary numSequencePoints="6" visitedSequencePoints="6" numBranchPoints="0" visitedBranchPoints="0" sequenceCoverage="100.0" branchCoverage="0" maxCyclomaticComplexity="0" minCyclomaticComplexity="0" maxCrapScore="0" minCrapScore="0" visitedClasses="0" numClasses="0" visitedMethods="1" numMethods="1" />
              <MetadataToken>100663298</MetadataToken>
              <Name>System.Void Tests.Slots.CardSlotTests::ClearCard()</Name>
              <FileRef uid="1" />
              <SequencePoints>
                <SequencePoint vc="1" uspid="1461" ordinal="0" offset="0" sl="20" sc="9" el="20" ec="9" bec="0" bev="0" fileid="1" />
                <SequencePoint vc="1" uspid="1462" ordinal="0" offset="1" sl="21" sc="13" el="21" ec="13" bec="0" bev="0" fileid="1" />
                <SequencePoint vc="1" uspid="1463" ordinal="0" offset="8" sl="22" sc="13" el="22" ec="13" bec="0" bev="0" fileid="1" />
                <SequencePoint vc="1" uspid="1464" ordinal="0" offset="22" sl="23" sc="13" el="23" ec="13" bec="0" bev="0" fileid="1" />
                <SequencePoint vc="1" uspid="1465" ordinal="0" offset="29" sl="24" sc="13" el="24" ec="13" bec="0" bev="0" fileid="1" />
                <SequencePoint vc="1" uspid="1466" ordinal="0" offset="42" sl="25" sc="9" el="25" ec="9" bec="0" bev="0" fileid="1" />
              </SequencePoints>
              <BranchPoints />
            </Method>
            <Method visited="true" cyclomaticComplexity="0" nPathComplexity="0" sequenceCoverage="100.0" branchCoverage="0" crapScore="0" isConstructor="false" isStatic="false" isGetter="false" isSetter="false">
              <Summary numSequencePoints="8" visitedSequencePoints="8" numBranchPoints="0" visitedBranchPoints="0" sequenceCoverage="100.0" branchCoverage="0" maxCyclomaticComplexity="0" minCyclomaticComplexity="0" maxCrapScore="0" minCrapScore="0" visitedClasses="0" numClasses="0" visitedMethods="1" numMethods="1" />
              <MetadataToken>100663299</MetadataToken>
              <Name>System.Void Tests.Slots.CardSlotTests::OnCardChange()</Name>
              <FileRef uid="1" />
              <SequencePoints>
                <SequencePoint vc="1" uspid="1467" ordinal="0" offset="6" sl="29" sc="9" el="29" ec="9" bec="0" bev="0" fileid="1" />
                <SequencePoint vc="1" uspid="1468" ordinal="0" offset="7" sl="30" sc="13" el="30" ec="13" bec="0" bev="0" fileid="1" />
                <SequencePoint vc="1" uspid="1469" ordinal="0" offset="14" sl="31" sc="13" el="31" ec="13" bec="0" bev="0" fileid="1" />
                <SequencePoint vc="1" uspid="1470" ordinal="0" offset="21" sl="31" sc="31" el="31" ec="31" bec="0" bev="0" fileid="1" />
                <SequencePoint vc="1" uspid="1471" ordinal="0" offset="22" sl="32" sc="13" el="32" ec="13" bec="0" bev="0" fileid="1" />
                <SequencePoint vc="1" uspid="1472" ordinal="0" offset="41" sl="33" sc="13" el="33" ec="13" bec="0" bev="0" fileid="1" />
                <SequencePoint vc="1" uspid="1473" ordinal="0" offset="55" sl="34" sc="13" el="34" ec="13" bec="0" bev="0" fileid="1" />
                <SequencePoint vc="1" uspid="1474" ordinal="0" offset="73" sl="35" sc="9" el="35" ec="9" bec="0" bev="0" fileid="1" />
              </SequencePoints>
              <BranchPoints />
            </Method>
            <Method visited="true" cyclomaticComplexity="0" nPathComplexity="0" sequenceCoverage="100.0" branchCoverage="0" crapScore="0" isConstructor="false" isStatic="false" isGetter="false" isSetter="false">
              <Summary numSequencePoints="5" visitedSequencePoints="5" numBranchPoints="0" visitedBranchPoints="0" sequenceCoverage="100.0" branchCoverage="0" maxCyclomaticComplexity="0" minCyclomaticComplexity="0" maxCrapScore="0" minCrapScore="0" visitedClasses="0" numClasses="0" visitedMethods="1" numMethods="1" />
              <MetadataToken>100663300</MetadataToken>
              <Name>System.Void Tests.Slots.CardSlotTests::SlotShouldBeAlertOnStart()</Name>
              <FileRef uid="1" />
              <SequencePoints>
                <SequencePoint vc="1" uspid="1475" ordinal="0" offset="0" sl="39" sc="9" el="39" ec="9" bec="0" bev="0" fileid="1" />
                <SequencePoint vc="1" uspid="1476" ordinal="0" offset="1" sl="40" sc="13" el="40" ec="13" bec="0" bev="0" fileid="1" />
                <SequencePoint vc="1" uspid="1477" ordinal="0" offset="8" sl="41" sc="13" el="41" ec="13" bec="0" bev="0" fileid="1" />
                <SequencePoint vc="1" uspid="1478" ordinal="0" offset="22" sl="42" sc="13" el="42" ec="13" bec="0" bev="0" fileid="1" />
                <SequencePoint vc="1" uspid="1479" ordinal="0" offset="34" sl="43" sc="9" el="43" ec="9" bec="0" bev="0" fileid="1" />
              </SequencePoints>
              <BranchPoints />
            </Method>
            <Method visited="true" cyclomaticComplexity="0" nPathComplexity="0" sequenceCoverage="100.0" branchCoverage="0" crapScore="0" isConstructor="false" isStatic="false" isGetter="false" isSetter="false">
              <Summary numSequencePoints="6" visitedSequencePoints="6" numBranchPoints="0" visitedBranchPoints="0" sequenceCoverage="100.0" branchCoverage="0" maxCyclomaticComplexity="0" minCyclomaticComplexity="0" maxCrapScore="0" minCrapScore="0" visitedClasses="0" numClasses="0" visitedMethods="1" numMethods="1" />
              <MetadataToken>100663301</MetadataToken>
              <Name>System.Void Tests.Slots.CardSlotTests::Exhaust()</Name>
              <FileRef uid="1" />
              <SequencePoints>
                <SequencePoint vc="1" uspid="1480" ordinal="0" offset="0" sl="47" sc="9" el="47" ec="9" bec="0" bev="0" fileid="1" />
                <SequencePoint vc="1" uspid="1481" ordinal="0" offset="1" sl="48" sc="13" el="48" ec="13" bec="0" bev="0" fileid="1" />
                <SequencePoint vc="1" uspid="1482" ordinal="0" offset="8" sl="49" sc="13" el="49" ec="13" bec="0" bev="0" fileid="1" />
                <SequencePoint vc="1" uspid="1483" ordinal="0" offset="22" sl="50" sc="13" el="50" ec="13" bec="0" bev="0" fileid="1" />
                <SequencePoint vc="1" uspid="1484" ordinal="0" offset="29" sl="51" sc="13" el="51" ec="13" bec="0" bev="0" fileid="1" />
                <SequencePoint vc="1" uspid="1485" ordinal="0" offset="41" sl="52" sc="9" el="52" ec="9" bec="0" bev="0" fileid="1" />
              </SequencePoints>
              <BranchPoints />
            </Method>
            <Method visited="true" cyclomaticComplexity="0" nPathComplexity="0" sequenceCoverage="100.0" branchCoverage="0" crapScore="0" isConstructor="false" isStatic="false" isGetter="false" isSetter="false">
              <Summary numSequencePoints="7" visitedSequencePoints="7" numBranchPoints="0" visitedBranchPoints="0" sequenceCoverage="100.0" branchCoverage="0" maxCyclomaticComplexity="0" minCyclomaticComplexity="0" maxCrapScore="0" minCrapScore="0" visitedClasses="0" numClasses="0" visitedMethods="1" numMethods="1" />
              <MetadataToken>100663302</MetadataToken>
              <Name>System.Void Tests.Slots.CardSlotTests::Alert()</Name>
              <FileRef uid="1" />
              <SequencePoints>
                <SequencePoint vc="1" uspid="1486" ordinal="0" offset="0" sl="56" sc="9" el="56" ec="9" bec="0" bev="0" fileid="1" />
                <SequencePoint vc="1" uspid="1487" ordinal="0" offset="1" sl="57" sc="13" el="57" ec="13" bec="0" bev="0" fileid="1" />
                <SequencePoint vc="1" uspid="1488" ordinal="0" offset="8" sl="58" sc="13" el="58" ec="13" bec="0" bev="0" fileid="1" />
                <SequencePoint vc="1" uspid="1489" ordinal="0" offset="22" sl="59" sc="13" el="59" ec="13" bec="0" bev="0" fileid="1" />
                <SequencePoint vc="1" uspid="1490" ordinal="0" offset="29" sl="60" sc="13" el="60" ec="13" bec="0" bev="0" fileid="1" />
                <SequencePoint vc="1" uspid="1491" ordinal="0" offset="36" sl="61" sc="13" el="61" ec="13" bec="0" bev="0" fileid="1" />
                <SequencePoint vc="1" uspid="1492" ordinal="0" offset="48" sl="62" sc="9" el="62" ec="9" bec="0" bev="0" fileid="1" />
              </SequencePoints>
              <BranchPoints />
            </Method>
            <Method visited="true" cyclomaticComplexity="0" nPathComplexity="0" sequenceCoverage="100.0" branchCoverage="0" crapScore="0" isConstructor="true" isStatic="false" isGetter="false" isSetter="false">
              <Summary numSequencePoints="1" visitedSequencePoints="1" numBranchPoints="0" visitedBranchPoints="0" sequenceCoverage="100.0" branchCoverage="0" maxCyclomaticComplexity="0" minCyclomaticComplexity="0" maxCrapScore="0" minCrapScore="0" visitedClasses="0" numClasses="0" visitedMethods="1" numMethods="1" />
              <MetadataToken>100663303</MetadataToken>
              <Name>Tests.Slots.CardSlotTests::CardSlotTests()</Name>
              <FileRef uid="1" />
              <SequencePoints>
                <SequencePoint vc="1" uspid="1493" ordinal="0" offset="0" sl="8" sc="9" el="8" ec="9" bec="0" bev="0" fileid="1" />
              </SequencePoints>
              <BranchPoints />
            </Method>
          </Methods>
        </Class>
        <Class>
          <Summary numSequencePoints="5" visitedSequencePoints="5" numBranchPoints="0" visitedBranchPoints="0" sequenceCoverage="100.0" branchCoverage="0.0" maxCyclomaticComplexity="0" minCyclomaticComplexity="0" maxCrapScore="0" minCrapScore="0" visitedClasses="1" numClasses="1" visitedMethods="2" numMethods="2" />
          <FullName>Tests.Slots.CardTests</FullName>
          <Methods>
            <Method visited="true" cyclomaticComplexity="0" nPathComplexity="0" sequenceCoverage="100.0" branchCoverage="0" crapScore="0" isConstructor="false" isStatic="false" isGetter="false" isSetter="false">
              <Summary numSequencePoints="4" visitedSequencePoints="4" numBranchPoints="0" visitedBranchPoints="0" sequenceCoverage="100.0" branchCoverage="0" maxCyclomaticComplexity="0" minCyclomaticComplexity="0" maxCrapScore="0" minCrapScore="0" visitedClasses="0" numClasses="0" visitedMethods="1" numMethods="1" />
              <MetadataToken>100663304</MetadataToken>
              <Name>System.Void Tests.Slots.CardTests::Constructor()</Name>
              <FileRef uid="2" />
              <SequencePoints>
                <SequencePoint vc="1" uspid="1494" ordinal="0" offset="0" sl="12" sc="9" el="12" ec="9" bec="0" bev="0" fileid="2" />
                <SequencePoint vc="1" uspid="1495" ordinal="0" offset="1" sl="13" sc="13" el="13" ec="13" bec="0" bev="0" fileid="2" />
                <SequencePoint vc="1" uspid="1496" ordinal="0" offset="13" sl="14" sc="13" el="14" ec="13" bec="0" bev="0" fileid="2" />
                <SequencePoint vc="1" uspid="1497" ordinal="0" offset="31" sl="15" sc="9" el="15" ec="9" bec="0" bev="0" fileid="2" />
              </SequencePoints>
              <BranchPoints />
            </Method>
            <Method visited="true" cyclomaticComplexity="0" nPathComplexity="0" sequenceCoverage="100.0" branchCoverage="0" crapScore="0" isConstructor="true" isStatic="false" isGetter="false" isSetter="false">
              <Summary numSequencePoints="1" visitedSequencePoints="1" numBranchPoints="0" visitedBranchPoints="0" sequenceCoverage="100.0" branchCoverage="0" maxCyclomaticComplexity="0" minCyclomaticComplexity="0" maxCrapScore="0" minCrapScore="0" visitedClasses="0" numClasses="0" visitedMethods="1" numMethods="1" />
              <MetadataToken>100663305</MetadataToken>
              <Name>Tests.Slots.CardTests::CardTests()</Name>
              <FileRef uid="2" />
              <SequencePoints>
                <SequencePoint vc="1" uspid="1498" ordinal="0" offset="0" sl="8" sc="9" el="8" ec="9" bec="0" bev="0" fileid="2" />
              </SequencePoints>
              <BranchPoints />
            </Method>
          </Methods>
        </Class>
        <Class>
          <Summary numSequencePoints="4" visitedSequencePoints="4" numBranchPoints="0" visitedBranchPoints="0" sequenceCoverage="100.0" branchCoverage="0.0" maxCyclomaticComplexity="0" minCyclomaticComplexity="0" maxCrapScore="0" minCrapScore="0" visitedClasses="1" numClasses="1" visitedMethods="1" numMethods="1" />
          <FullName>Tests.Slots.TestCardData</FullName>
          <Methods>
            <Method visited="true" cyclomaticComplexity="0" nPathComplexity="0" sequenceCoverage="100.0" branchCoverage="0" crapScore="0" isConstructor="true" isStatic="false" isGetter="false" isSetter="false">
              <Summary numSequencePoints="4" visitedSequencePoints="4" numBranchPoints="0" visitedBranchPoints="0" sequenceCoverage="100.0" branchCoverage="0" maxCyclomaticComplexity="0" minCyclomaticComplexity="0" maxCrapScore="0" minCrapScore="0" visitedClasses="0" numClasses="0" visitedMethods="1" numMethods="1" />
              <MetadataToken>100663314</MetadataToken>
              <Name>Tests.Slots.TestCardData::TestCardData()</Name>
              <FileRef uid="3" />
              <SequencePoints>
                <SequencePoint vc="2" uspid="1507" ordinal="0" offset="0" sl="7" sc="44" el="7" ec="44" bec="0" bev="0" fileid="3" />
                <SequencePoint vc="2" uspid="1508" ordinal="0" offset="11" sl="8" sc="41" el="8" ec="41" bec="0" bev="0" fileid="3" />
                <SequencePoint vc="2" uspid="1509" ordinal="0" offset="18" sl="9" sc="43" el="9" ec="43" bec="0" bev="0" fileid="3" />
                <SequencePoint vc="2" uspid="1510" ordinal="0" offset="25" sl="10" sc="44" el="10" ec="44" bec="0" bev="0" fileid="3" />
              </SequencePoints>
              <BranchPoints />
            </Method>
          </Methods>
        </Class>
        <Class>
          <Summary numSequencePoints="1" visitedSequencePoints="1" numBranchPoints="0" visitedBranchPoints="0" sequenceCoverage="100.0" branchCoverage="0.0" maxCyclomaticComplexity="0" minCyclomaticComplexity="0" maxCrapScore="0" minCrapScore="0" visitedClasses="1" numClasses="1" visitedMethods="1" numMethods="1" />
          <FullName>Tests.Slots.CardSlotTests/&lt;&gt;c__DisplayClass3_0</FullName>
          <Methods>
            <Method visited="true" cyclomaticComplexity="0" nPathComplexity="0" sequenceCoverage="100.0" branchCoverage="0" crapScore="0" isConstructor="false" isStatic="false" isGetter="false" isSetter="false">
              <Summary numSequencePoints="1" visitedSequencePoints="1" numBranchPoints="0" visitedBranchPoints="0" sequenceCoverage="100.0" branchCoverage="0" maxCyclomaticComplexity="0" minCyclomaticComplexity="0" maxCrapScore="0" minCrapScore="0" visitedClasses="0" numClasses="0" visitedMethods="1" numMethods="1" />
              <MetadataToken>100663316</MetadataToken>
              <Name>System.Void Tests.Slots.CardSlotTests/&lt;&gt;c__DisplayClass3_0::&lt;OnCardChange&gt;b__0(CardGame.ICard)</Name>
              <FileRef uid="1" />
              <SequencePoints>
                <SequencePoint vc="1" uspid="1511" ordinal="0" offset="0" sl="32" sc="41" el="32" ec="41" bec="0" bev="0" fileid="1" />
              </SequencePoints>
              <BranchPoints />
            </Method>
          </Methods>
        </Class>
      </Classes>
    </Module>
    <Module>
      <Summary numSequencePoints="33" visitedSequencePoints="33" numBranchPoints="0" visitedBranchPoints="0" sequenceCoverage="100.0" branchCoverage="0.0" maxCyclomaticComplexity="0" minCyclomaticComplexity="0" maxCrapScore="0" minCrapScore="0" visitedClasses="4" numClasses="4" visitedMethods="13" numMethods="13" />
      <ModuleTime>0001-01-01T00:00:00</ModuleTime>
      <ModuleName>Core</ModuleName>
      <Files>
        <File uid="4" fullPath="C:/Users/Valeriy/Documents/Projects/Project Card Game/Card Game/Assets/Scripts/Actions/Alert.cs" />
        <File uid="5" fullPath="C:/Users/Valeriy/Documents/Projects/Project Card Game/Card Game/Assets/Scripts/Actions/DamageFromPile.cs" />
        <File uid="6" fullPath="C:/Users/Valeriy/Documents/Projects/Project Card Game/Card Game/Assets/Scripts/Actions/DrawFromPile.cs" />
        <File uid="7" fullPath="C:/Users/Valeriy/Documents/Projects/Project Card Game/Card Game/Assets/Scripts/Actions/PlayerActions/AdvancePhase.cs" />
        <File uid="8" fullPath="C:/Users/Valeriy/Documents/Projects/Project Card Game/Card Game/Assets/Scripts/Actions/PlayerActions/AscendFromHand.cs" />
        <File uid="9" fullPath="C:/Users/Valeriy/Documents/Projects/Project Card Game/Card Game/Assets/Scripts/Actions/PlayerActions/DeclareAttack.cs" />
        <File uid="10" fullPath="C:/Users/Valeriy/Documents/Projects/Project Card Game/Card Game/Assets/Scripts/Actions/PlayerActions/DefendFromHand.cs" />
        <File uid="11" fullPath="C:/Users/Valeriy/Documents/Projects/Project Card Game/Card Game/Assets/Scripts/Actions/SetPhase.cs" />
        <File uid="12" fullPath="C:/Users/Valeriy/Documents/Projects/Project Card Game/Card Game/Assets/Scripts/Battle/Battle.cs" />
        <File uid="13" fullPath="C:/Users/Valeriy/Documents/Projects/Project Card Game/Card Game/Assets/Scripts/Battle/BattlePhase.cs" />
        <File uid="14" fullPath="C:/Users/Valeriy/Documents/Projects/Project Card Game/Card Game/Assets/Scripts/Battle/Card.cs" />
        <File uid="15" fullPath="C:/Users/Valeriy/Documents/Projects/Project Card Game/Card Game/Assets/Scripts/Battle/CardData.cs" />
        <File uid="16" fullPath="C:/Users/Valeriy/Documents/Projects/Project Card Game/Card Game/Assets/Scripts/Battle/CombatManager.cs" />
        <File uid="17" fullPath="C:/Users/Valeriy/Documents/Projects/Project Card Game/Card Game/Assets/Scripts/Battle/Player.cs" />
        <File uid="18" fullPath="C:/Users/Valeriy/Documents/Projects/Project Card Game/Card Game/Assets/Scripts/BattleManager.cs" />
        <File uid="19" fullPath="C:/Users/Valeriy/Documents/Projects/Project Card Game/Card Game/Assets/Scripts/Client/BattleOverlayManager.cs" />
        <File uid="20" fullPath="C:/Users/Valeriy/Documents/Projects/Project Card Game/Card Game/Assets/Scripts/Client/Display/CardDisplay.cs" />
        <File uid="21" fullPath="C:/Users/Valeriy/Documents/Projects/Project Card Game/Card Game/Assets/Scripts/Client/Display/MultiCardSlotDisplay.cs" />
        <File uid="22" fullPath="C:/Users/Valeriy/Documents/Projects/Project Card Game/Card Game/Assets/Scripts/Client/Display/PlayerDisplay.cs" />
        <File uid="23" fullPath="C:/Users/Valeriy/Documents/Projects/Project Card Game/Card Game/Assets/Scripts/Client/Display/SingleCardSlotDisplay.cs" />
        <File uid="24" fullPath="C:/Users/Valeriy/Documents/Projects/Project Card Game/Card Game/Assets/Scripts/Client/DisplayManager.cs" />
        <File uid="25" fullPath="C:/Users/Valeriy/Documents/Projects/Project Card Game/Card Game/Assets/Scripts/Client/InputManager.cs" />
        <File uid="26" fullPath="C:/Users/Valeriy/Documents/Projects/Project Card Game/Card Game/Assets/Scripts/Slots/CardSlot.cs" />
        <File uid="27" fullPath="C:/Users/Valeriy/Documents/Projects/Project Card Game/Card Game/Assets/Scripts/Slots/MultiCardSlot.cs" />
      </Files>
      <Classes>
        <Class>
          <Summary numSequencePoints="5" visitedSequencePoints="5" numBranchPoints="0" visitedBranchPoints="0" sequenceCoverage="100.0" branchCoverage="0.0" maxCyclomaticComplexity="0" minCyclomaticComplexity="0" maxCrapScore="0" minCrapScore="0" visitedClasses="1" numClasses="1" visitedMethods="2" numMethods="2" />
          <FullName>CardGame.Card</FullName>
          <Methods>
            <Method visited="true" cyclomaticComplexity="0" nPathComplexity="0" sequenceCoverage="100.0" branchCoverage="0" crapScore="0" isConstructor="false" isStatic="false" isGetter="true" isSetter="false">
              <Summary numSequencePoints="1" visitedSequencePoints="1" numBranchPoints="0" visitedBranchPoints="0" sequenceCoverage="100.0" branchCoverage="0" maxCyclomaticComplexity="0" minCyclomaticComplexity="0" maxCrapScore="0" minCrapScore="0" visitedClasses="0" numClasses="0" visitedMethods="1" numMethods="1" />
              <MetadataToken>100663349</MetadataToken>
              <Name>CardGame.ICardData CardGame.Card::get_Data()</Name>
              <FileRef uid="14" />
              <SequencePoints>
                <SequencePoint vc="1" uspid="1679" ordinal="0" offset="0" sl="5" sc="33" el="5" ec="33" bec="0" bev="0" fileid="14" />
              </SequencePoints>
              <BranchPoints />
            </Method>
            <Method visited="true" cyclomaticComplexity="0" nPathComplexity="0" sequenceCoverage="100.0" branchCoverage="0" crapScore="0" isConstructor="true" isStatic="false" isGetter="false" isSetter="false">
              <Summary numSequencePoints="4" visitedSequencePoints="4" numBranchPoints="0" visitedBranchPoints="0" sequenceCoverage="100.0" branchCoverage="0" maxCyclomaticComplexity="0" minCyclomaticComplexity="0" maxCrapScore="0" minCrapScore="0" visitedClasses="0" numClasses="0" visitedMethods="1" numMethods="1" />
              <MetadataToken>100663350</MetadataToken>
              <Name>CardGame.Card::Card(CardGame.ICardData)</Name>
              <FileRef uid="14" />
              <SequencePoints>
                <SequencePoint vc="2" uspid="1680" ordinal="0" offset="0" sl="7" sc="9" el="7" ec="9" bec="0" bev="0" fileid="14" />
                <SequencePoint vc="2" uspid="1681" ordinal="0" offset="7" sl="8" sc="9" el="8" ec="9" bec="0" bev="0" fileid="14" />
                <SequencePoint vc="2" uspid="1682" ordinal="0" offset="8" sl="9" sc="13" el="9" ec="13" bec="0" bev="0" fileid="14" />
                <SequencePoint vc="2" uspid="1683" ordinal="0" offset="15" sl="10" sc="9" el="10" ec="9" bec="0" bev="0" fileid="14" />
              </SequencePoints>
              <BranchPoints />
            </Method>
          </Methods>
        </Class>
        <Class>
          <Summary numSequencePoints="2" visitedSequencePoints="2" numBranchPoints="0" visitedBranchPoints="0" sequenceCoverage="100.0" branchCoverage="0.0" maxCyclomaticComplexity="0" minCyclomaticComplexity="0" maxCrapScore="0" minCrapScore="0" visitedClasses="1" numClasses="1" visitedMethods="1" numMethods="1" />
          <FullName>CardGame.BattleOverlayManager</FullName>
          <Methods>
            <Method visited="true" cyclomaticComplexity="0" nPathComplexity="0" sequenceCoverage="100.0" branchCoverage="0" crapScore="0" isConstructor="true" isStatic="false" isGetter="false" isSetter="false">
              <Summary numSequencePoints="2" visitedSequencePoints="2" numBranchPoints="0" visitedBranchPoints="0" sequenceCoverage="100.0" branchCoverage="0" maxCyclomaticComplexity="0" minCyclomaticComplexity="0" maxCrapScore="0" minCrapScore="0" visitedClasses="0" numClasses="0" visitedMethods="1" numMethods="1" />
              <MetadataToken>100663385</MetadataToken>
              <Name>CardGame.BattleOverlayManager::BattleOverlayManager()</Name>
              <FileRef uid="19" />
              <SequencePoints>
                <SequencePoint vc="1" uspid="1764" ordinal="0" offset="0" sl="10" sc="26" el="10" ec="26" bec="0" bev="0" fileid="19" />
                <SequencePoint vc="1" uspid="1765" ordinal="0" offset="11" sl="11" sc="26" el="11" ec="26" bec="0" bev="0" fileid="19" />
              </SequencePoints>
              <BranchPoints />
            </Method>
          </Methods>
        </Class>
        <Class>
          <Summary numSequencePoints="1" visitedSequencePoints="1" numBranchPoints="0" visitedBranchPoints="0" sequenceCoverage="100.0" branchCoverage="0.0" maxCyclomaticComplexity="0" minCyclomaticComplexity="0" maxCrapScore="0" minCrapScore="0" visitedClasses="1" numClasses="1" visitedMethods="1" numMethods="1" />
          <FullName>CardGame.MultiCardSlotDisplay</FullName>
          <Methods>
            <Method visited="true" cyclomaticComplexity="0" nPathComplexity="0" sequenceCoverage="100.0" branchCoverage="0" crapScore="0" isConstructor="true" isStatic="false" isGetter="false" isSetter="false">
              <Summary numSequencePoints="1" visitedSequencePoints="1" numBranchPoints="0" visitedBranchPoints="0" sequenceCoverage="100.0" branchCoverage="0" maxCyclomaticComplexity="0" minCyclomaticComplexity="0" maxCrapScore="0" minCrapScore="0" visitedClasses="0" numClasses="0" visitedMethods="1" numMethods="1" />
              <MetadataToken>100663403</MetadataToken>
              <Name>CardGame.MultiCardSlotDisplay::MultiCardSlotDisplay()</Name>
              <FileRef uid="21" />
              <SequencePoints>
                <SequencePoint vc="5" uspid="1814" ordinal="0" offset="0" sl="12" sc="9" el="12" ec="9" bec="0" bev="0" fileid="21" />
              </SequencePoints>
              <BranchPoints />
            </Method>
          </Methods>
        </Class>
        <Class>
          <Summary numSequencePoints="25" visitedSequencePoints="25" numBranchPoints="0" visitedBranchPoints="0" sequenceCoverage="100.0" branchCoverage="0.0" maxCyclomaticComplexity="0" minCyclomaticComplexity="0" maxCrapScore="0" minCrapScore="0" visitedClasses="1" numClasses="1" visitedMethods="9" numMethods="9" />
          <FullName>CardGame.CardSlot</FullName>
          <Methods>
            <Method visited="true" cyclomaticComplexity="0" nPathComplexity="0" sequenceCoverage="100.0" branchCoverage="0" crapScore="0" isConstructor="false" isStatic="false" isGetter="true" isSetter="false">
              <Summary numSequencePoints="1" visitedSequencePoints="1" numBranchPoints="0" visitedBranchPoints="0" sequenceCoverage="100.0" branchCoverage="0" maxCyclomaticComplexity="0" minCyclomaticComplexity="0" maxCrapScore="0" minCrapScore="0" visitedClasses="0" numClasses="0" visitedMethods="1" numMethods="1" />
              <MetadataToken>100663422</MetadataToken>
              <Name>CardGame.ICard CardGame.CardSlot::get_Card()</Name>
              <FileRef uid="26" />
              <SequencePoints>
                <SequencePoint vc="3" uspid="1888" ordinal="0" offset="0" sl="7" sc="29" el="7" ec="29" bec="0" bev="0" fileid="26" />
              </SequencePoints>
              <BranchPoints />
            </Method>
            <Method visited="true" cyclomaticComplexity="0" nPathComplexity="0" sequenceCoverage="100.0" branchCoverage="0" crapScore="0" isConstructor="false" isStatic="false" isGetter="false" isSetter="true">
              <Summary numSequencePoints="1" visitedSequencePoints="1" numBranchPoints="0" visitedBranchPoints="0" sequenceCoverage="100.0" branchCoverage="0" maxCyclomaticComplexity="0" minCyclomaticComplexity="0" maxCrapScore="0" minCrapScore="0" visitedClasses="0" numClasses="0" visitedMethods="1" numMethods="1" />
              <MetadataToken>100663423</MetadataToken>
              <Name>System.Void CardGame.CardSlot::set_Card(CardGame.ICard)</Name>
              <FileRef uid="26" />
              <SequencePoints>
                <SequencePoint vc="13" uspid="1889" ordinal="0" offset="0" sl="7" sc="34" el="7" ec="34" bec="0" bev="0" fileid="26" />
              </SequencePoints>
              <BranchPoints />
            </Method>
            <Method visited="true" cyclomaticComplexity="0" nPathComplexity="0" sequenceCoverage="100.0" branchCoverage="0" crapScore="0" isConstructor="false" isStatic="false" isGetter="true" isSetter="false">
              <Summary numSequencePoints="1" visitedSequencePoints="1" numBranchPoints="0" visitedBranchPoints="0" sequenceCoverage="100.0" branchCoverage="0" maxCyclomaticComplexity="0" minCyclomaticComplexity="0" maxCrapScore="0" minCrapScore="0" visitedClasses="0" numClasses="0" visitedMethods="1" numMethods="1" />
              <MetadataToken>100663424</MetadataToken>
              <Name>System.Boolean CardGame.CardSlot::get_Exhausted()</Name>
              <FileRef uid="26" />
              <SequencePoints>
                <SequencePoint vc="3" uspid="1890" ordinal="0" offset="0" sl="8" sc="33" el="8" ec="33" bec="0" bev="0" fileid="26" />
              </SequencePoints>
              <BranchPoints />
            </Method>
            <Method visited="true" cyclomaticComplexity="0" nPathComplexity="0" sequenceCoverage="100.0" branchCoverage="0" crapScore="0" isConstructor="false" isStatic="false" isGetter="false" isSetter="true">
              <Summary numSequencePoints="1" visitedSequencePoints="1" numBranchPoints="0" visitedBranchPoints="0" sequenceCoverage="100.0" branchCoverage="0" maxCyclomaticComplexity="0" minCyclomaticComplexity="0" maxCrapScore="0" minCrapScore="0" visitedClasses="0" numClasses="0" visitedMethods="1" numMethods="1" />
              <MetadataToken>100663425</MetadataToken>
              <Name>System.Void CardGame.CardSlot::set_Exhausted(System.Boolean)</Name>
              <FileRef uid="26" />
              <SequencePoints>
                <SequencePoint vc="9" uspid="1891" ordinal="0" offset="0" sl="8" sc="38" el="8" ec="38" bec="0" bev="0" fileid="26" />
              </SequencePoints>
              <BranchPoints />
            </Method>
            <Method visited="true" cyclomaticComplexity="0" nPathComplexity="0" sequenceCoverage="100.0" branchCoverage="0" crapScore="0" isConstructor="false" isStatic="false" isGetter="false" isSetter="false">
              <Summary numSequencePoints="4" visitedSequencePoints="4" numBranchPoints="0" visitedBranchPoints="0" sequenceCoverage="100.0" branchCoverage="0" maxCyclomaticComplexity="0" minCyclomaticComplexity="0" maxCrapScore="0" minCrapScore="0" visitedClasses="0" numClasses="0" visitedMethods="1" numMethods="1" />
              <MetadataToken>100663433</MetadataToken>
              <Name>System.Void CardGame.CardSlot::Exhaust()</Name>
              <FileRef uid="26" />
              <SequencePoints>
                <SequencePoint vc="2" uspid="1892" ordinal="0" offset="0" sl="19" sc="9" el="19" ec="9" bec="0" bev="0" fileid="26" />
                <SequencePoint vc="2" uspid="1893" ordinal="0" offset="1" sl="20" sc="13" el="20" ec="13" bec="0" bev="0" fileid="26" />
                <SequencePoint vc="2" uspid="1894" ordinal="0" offset="9" sl="21" sc="13" el="21" ec="13" bec="0" bev="0" fileid="26" />
                <SequencePoint vc="2" uspid="1895" ordinal="0" offset="27" sl="22" sc="9" el="22" ec="9" bec="0" bev="0" fileid="26" />
              </SequencePoints>
              <BranchPoints />
            </Method>
            <Method visited="true" cyclomaticComplexity="0" nPathComplexity="0" sequenceCoverage="100.0" branchCoverage="0" crapScore="0" isConstructor="false" isStatic="false" isGetter="false" isSetter="false">
              <Summary numSequencePoints="4" visitedSequencePoints="4" numBranchPoints="0" visitedBranchPoints="0" sequenceCoverage="100.0" branchCoverage="0" maxCyclomaticComplexity="0" minCyclomaticComplexity="0" maxCrapScore="0" minCrapScore="0" visitedClasses="0" numClasses="0" visitedMethods="1" numMethods="1" />
              <MetadataToken>100663434</MetadataToken>
              <Name>System.Void CardGame.CardSlot::Alert()</Name>
              <FileRef uid="26" />
              <SequencePoints>
                <SequencePoint vc="1" uspid="1896" ordinal="0" offset="0" sl="25" sc="9" el="25" ec="9" bec="0" bev="0" fileid="26" />
                <SequencePoint vc="1" uspid="1897" ordinal="0" offset="1" sl="26" sc="13" el="26" ec="13" bec="0" bev="0" fileid="26" />
                <SequencePoint vc="1" uspid="1898" ordinal="0" offset="9" sl="27" sc="13" el="27" ec="13" bec="0" bev="0" fileid="26" />
                <SequencePoint vc="1" uspid="1899" ordinal="0" offset="27" sl="28" sc="9" el="28" ec="9" bec="0" bev="0" fileid="26" />
              </SequencePoints>
              <BranchPoints />
            </Method>
            <Method visited="true" cyclomaticComplexity="0" nPathComplexity="0" sequenceCoverage="100.0" branchCoverage="0" crapScore="0" isConstructor="false" isStatic="false" isGetter="false" isSetter="false">
              <Summary numSequencePoints="5" visitedSequencePoints="5" numBranchPoints="0" visitedBranchPoints="0" sequenceCoverage="100.0" branchCoverage="0" maxCyclomaticComplexity="0" minCyclomaticComplexity="0" maxCrapScore="0" minCrapScore="0" visitedClasses="0" numClasses="0" visitedMethods="1" numMethods="1" />
              <MetadataToken>100663435</MetadataToken>
              <Name>System.Void CardGame.CardSlot::SetCard(CardGame.ICard, System.Boolean)</Name>
              <FileRef uid="26" />
              <SequencePoints>
                <SequencePoint vc="6" uspid="1900" ordinal="0" offset="0" sl="31" sc="9" el="31" ec="9" bec="0" bev="0" fileid="26" />
                <SequencePoint vc="6" uspid="1901" ordinal="0" offset="1" sl="32" sc="13" el="32" ec="13" bec="0" bev="0" fileid="26" />
                <SequencePoint vc="6" uspid="1902" ordinal="0" offset="9" sl="33" sc="13" el="33" ec="13" bec="0" bev="0" fileid="26" />
                <SequencePoint vc="6" uspid="1903" ordinal="0" offset="17" sl="34" sc="13" el="34" ec="13" bec="0" bev="0" fileid="26" />
                <SequencePoint vc="6" uspid="1904" ordinal="0" offset="41" sl="35" sc="9" el="35" ec="9" bec="0" bev="0" fileid="26" />
              </SequencePoints>
              <BranchPoints />
            </Method>
            <Method visited="true" cyclomaticComplexity="0" nPathComplexity="0" sequenceCoverage="100.0" branchCoverage="0" crapScore="0" isConstructor="false" isStatic="false" isGetter="false" isSetter="false">
              <Summary numSequencePoints="4" visitedSequencePoints="4" numBranchPoints="0" visitedBranchPoints="0" sequenceCoverage="100.0" branchCoverage="0" maxCyclomaticComplexity="0" minCyclomaticComplexity="0" maxCrapScore="0" minCrapScore="0" visitedClasses="0" numClasses="0" visitedMethods="1" numMethods="1" />
              <MetadataToken>100663436</MetadataToken>
              <Name>System.Void CardGame.CardSlot::ClearCard()</Name>
              <FileRef uid="26" />
              <SequencePoints>
                <SequencePoint vc="1" uspid="1905" ordinal="0" offset="0" sl="38" sc="9" el="38" ec="9" bec="0" bev="0" fileid="26" />
                <SequencePoint vc="1" uspid="1906" ordinal="0" offset="1" sl="39" sc="13" el="39" ec="13" bec="0" bev="0" fileid="26" />
                <SequencePoint vc="1" uspid="1907" ordinal="0" offset="9" sl="40" sc="13" el="40" ec="13" bec="0" bev="0" fileid="26" />
                <SequencePoint vc="1" uspid="1908" ordinal="0" offset="28" sl="41" sc="9" el="41" ec="9" bec="0" bev="0" fileid="26" />
              </SequencePoints>
              <BranchPoints />
            </Method>
            <Method visited="true" cyclomaticComplexity="0" nPathComplexity="0" sequenceCoverage="100.0" branchCoverage="0" crapScore="0" isConstructor="true" isStatic="false" isGetter="false" isSetter="false">
              <Summary numSequencePoints="4" visitedSequencePoints="4" numBranchPoints="0" visitedBranchPoints="0" sequenceCoverage="100.0" branchCoverage="0" maxCyclomaticComplexity="0" minCyclomaticComplexity="0" maxCrapScore="0" minCrapScore="0" visitedClasses="0" numClasses="0" visitedMethods="1" numMethods="1" />
              <MetadataToken>100663432</MetadataToken>
              <Name>CardGame.CardSlot::CardSlot(CardGame.ICard)</Name>
              <FileRef uid="26" />
              <SequencePoints>
                <SequencePoint vc="6" uspid="1909" ordinal="0" offset="0" sl="13" sc="9" el="13" ec="9" bec="0" bev="0" fileid="26" />
                <SequencePoint vc="6" uspid="1910" ordinal="0" offset="7" sl="14" sc="9" el="14" ec="9" bec="0" bev="0" fileid="26" />
                <SequencePoint vc="6" uspid="1911" ordinal="0" offset="8" sl="15" sc="13" el="15" ec="13" bec="0" bev="0" fileid="26" />
                <SequencePoint vc="6" uspid="1912" ordinal="0" offset="16" sl="16" sc="9" el="16" ec="9" bec="0" bev="0" fileid="26" />
              </SequencePoints>
              <BranchPoints />
            </Method>
          </Methods>
        </Class>
      </Classes>
    </Module>
  </Modules>
</CoverageSession>